[0.396s] Invoking command in '/home/songsong/gps_imu_ws/src/gps_imu_fusion_pkg': PYTHONPATH=/home/songsong/gps_imu_ws/build/gps_imu_fusion_pkg/prefix_override:/usr/lib/python3/dist-packages/colcon_core/task/python/colcon_distutils_commands:/home/songsong/gps_imu_ws/install/gps_imu_fusion_pkg/lib/python3.10/site-packages:${PYTHONPATH} /usr/bin/python3 -W ignore:setup.py install is deprecated -W ignore:easy_install command is deprecated setup.py egg_info --egg-base ../../build/gps_imu_fusion_pkg build --build-base /home/songsong/gps_imu_ws/build/gps_imu_fusion_pkg/build install --record /home/songsong/gps_imu_ws/build/gps_imu_fusion_pkg/install.log --single-version-externally-managed install_data
[0.537s] running egg_info
[0.538s] writing ../../build/gps_imu_fusion_pkg/gps_imu_fusion_pkg.egg-info/PKG-INFO
[0.538s] writing dependency_links to ../../build/gps_imu_fusion_pkg/gps_imu_fusion_pkg.egg-info/dependency_links.txt
[0.538s] writing entry points to ../../build/gps_imu_fusion_pkg/gps_imu_fusion_pkg.egg-info/entry_points.txt
[0.538s] writing requirements to ../../build/gps_imu_fusion_pkg/gps_imu_fusion_pkg.egg-info/requires.txt
[0.538s] writing top-level names to ../../build/gps_imu_fusion_pkg/gps_imu_fusion_pkg.egg-info/top_level.txt
[0.541s] reading manifest file '../../build/gps_imu_fusion_pkg/gps_imu_fusion_pkg.egg-info/SOURCES.txt'
[0.542s] adding license file 'LICENSE'
[0.542s] writing manifest file '../../build/gps_imu_fusion_pkg/gps_imu_fusion_pkg.egg-info/SOURCES.txt'
[0.542s] running build
[0.542s] running build_py
[0.542s] running install
[0.542s] running install_lib
[0.544s] running install_data
[0.544s] copying launch/gps_imu_pub.launch.py -> /home/songsong/gps_imu_ws/install/gps_imu_fusion_pkg/share/gps_imu_fusion_pkg/launch
[0.544s] running install_egg_info
[0.544s] removing '/home/songsong/gps_imu_ws/install/gps_imu_fusion_pkg/lib/python3.10/site-packages/gps_imu_fusion_pkg-0.0.0-py3.10.egg-info' (and everything under it)
[0.544s] Copying ../../build/gps_imu_fusion_pkg/gps_imu_fusion_pkg.egg-info to /home/songsong/gps_imu_ws/install/gps_imu_fusion_pkg/lib/python3.10/site-packages/gps_imu_fusion_pkg-0.0.0-py3.10.egg-info
[0.546s] running install_scripts
[0.559s] Installing gps_imu_sync script to /home/songsong/gps_imu_ws/install/gps_imu_fusion_pkg/lib/gps_imu_fusion_pkg
[0.559s] Installing gps_path_pub script to /home/songsong/gps_imu_ws/install/gps_imu_fusion_pkg/lib/gps_imu_fusion_pkg
[0.559s] Installing gps_repub script to /home/songsong/gps_imu_ws/install/gps_imu_fusion_pkg/lib/gps_imu_fusion_pkg
[0.559s] Installing gps_to_csv script to /home/songsong/gps_imu_ws/install/gps_imu_fusion_pkg/lib/gps_imu_fusion_pkg
[0.559s] Installing gps_to_point script to /home/songsong/gps_imu_ws/install/gps_imu_fusion_pkg/lib/gps_imu_fusion_pkg
[0.559s] Installing gps_to_web script to /home/songsong/gps_imu_ws/install/gps_imu_fusion_pkg/lib/gps_imu_fusion_pkg
[0.560s] Installing gps_with_grid script to /home/songsong/gps_imu_ws/install/gps_imu_fusion_pkg/lib/gps_imu_fusion_pkg
[0.560s] Installing imu_repub script to /home/songsong/gps_imu_ws/install/gps_imu_fusion_pkg/lib/gps_imu_fusion_pkg
[0.560s] Installing imu_to_csv script to /home/songsong/gps_imu_ws/install/gps_imu_fusion_pkg/lib/gps_imu_fusion_pkg
[0.560s] writing list of installed files to '/home/songsong/gps_imu_ws/build/gps_imu_fusion_pkg/install.log'
[0.578s] Invoked command in '/home/songsong/gps_imu_ws/src/gps_imu_fusion_pkg' returned '0': PYTHONPATH=/home/songsong/gps_imu_ws/build/gps_imu_fusion_pkg/prefix_override:/usr/lib/python3/dist-packages/colcon_core/task/python/colcon_distutils_commands:/home/songsong/gps_imu_ws/install/gps_imu_fusion_pkg/lib/python3.10/site-packages:${PYTHONPATH} /usr/bin/python3 -W ignore:setup.py install is deprecated -W ignore:easy_install command is deprecated setup.py egg_info --egg-base ../../build/gps_imu_fusion_pkg build --build-base /home/songsong/gps_imu_ws/build/gps_imu_fusion_pkg/build install --record /home/songsong/gps_imu_ws/build/gps_imu_fusion_pkg/install.log --single-version-externally-managed install_data
