[0.641s] Invoking command in '/home/songsong/gps_imu_ws/src/gps_imu_fusion_pkg': PYTHONPATH=/home/songsong/gps_imu_ws/build/gps_imu_fusion_pkg/prefix_override:/usr/lib/python3/dist-packages/colcon_core/task/python/colcon_distutils_commands:/home/songsong/gps_imu_ws/install/gps_imu_fusion_pkg/lib/python3.10/site-packages:${PYTHONPATH} /usr/bin/python3 -W ignore:setup.py install is deprecated -W ignore:easy_install command is deprecated setup.py egg_info --egg-base ../../build/gps_imu_fusion_pkg build --build-base /home/songsong/gps_imu_ws/build/gps_imu_fusion_pkg/build install --record /home/songsong/gps_imu_ws/build/gps_imu_fusion_pkg/install.log --single-version-externally-managed install_data
[0.830s] running egg_info
[0.831s] writing ../../build/gps_imu_fusion_pkg/gps_imu_fusion_pkg.egg-info/PKG-INFO
[0.831s] writing dependency_links to ../../build/gps_imu_fusion_pkg/gps_imu_fusion_pkg.egg-info/dependency_links.txt
[0.831s] writing entry points to ../../build/gps_imu_fusion_pkg/gps_imu_fusion_pkg.egg-info/entry_points.txt
[0.832s] writing requirements to ../../build/gps_imu_fusion_pkg/gps_imu_fusion_pkg.egg-info/requires.txt
[0.832s] writing top-level names to ../../build/gps_imu_fusion_pkg/gps_imu_fusion_pkg.egg-info/top_level.txt
[0.833s] reading manifest file '../../build/gps_imu_fusion_pkg/gps_imu_fusion_pkg.egg-info/SOURCES.txt'
[0.833s] adding license file 'LICENSE'
[0.834s] writing manifest file '../../build/gps_imu_fusion_pkg/gps_imu_fusion_pkg.egg-info/SOURCES.txt'
[0.834s] running build
[0.834s] running build_py
[0.835s] running install
[0.835s] running install_lib
[0.837s] running install_data
[0.837s] running install_egg_info
[0.838s] removing '/home/songsong/gps_imu_ws/install/gps_imu_fusion_pkg/lib/python3.10/site-packages/gps_imu_fusion_pkg-0.0.0-py3.10.egg-info' (and everything under it)
[0.839s] Copying ../../build/gps_imu_fusion_pkg/gps_imu_fusion_pkg.egg-info to /home/songsong/gps_imu_ws/install/gps_imu_fusion_pkg/lib/python3.10/site-packages/gps_imu_fusion_pkg-0.0.0-py3.10.egg-info
[0.839s] running install_scripts
[0.851s] Installing gps_imu_sync script to /home/songsong/gps_imu_ws/install/gps_imu_fusion_pkg/lib/gps_imu_fusion_pkg
[0.851s] Installing gps_path_pub script to /home/songsong/gps_imu_ws/install/gps_imu_fusion_pkg/lib/gps_imu_fusion_pkg
[0.851s] Installing gps_repub script to /home/songsong/gps_imu_ws/install/gps_imu_fusion_pkg/lib/gps_imu_fusion_pkg
[0.851s] Installing gps_to_csv script to /home/songsong/gps_imu_ws/install/gps_imu_fusion_pkg/lib/gps_imu_fusion_pkg
[0.852s] Installing gps_to_point script to /home/songsong/gps_imu_ws/install/gps_imu_fusion_pkg/lib/gps_imu_fusion_pkg
[0.852s] Installing gps_to_web script to /home/songsong/gps_imu_ws/install/gps_imu_fusion_pkg/lib/gps_imu_fusion_pkg
[0.852s] Installing gps_with_grid script to /home/songsong/gps_imu_ws/install/gps_imu_fusion_pkg/lib/gps_imu_fusion_pkg
[0.852s] Installing imu_repub script to /home/songsong/gps_imu_ws/install/gps_imu_fusion_pkg/lib/gps_imu_fusion_pkg
[0.852s] Installing imu_to_csv script to /home/songsong/gps_imu_ws/install/gps_imu_fusion_pkg/lib/gps_imu_fusion_pkg
[0.853s] writing list of installed files to '/home/songsong/gps_imu_ws/build/gps_imu_fusion_pkg/install.log'
[0.868s] Invoked command in '/home/songsong/gps_imu_ws/src/gps_imu_fusion_pkg' returned '0': PYTHONPATH=/home/songsong/gps_imu_ws/build/gps_imu_fusion_pkg/prefix_override:/usr/lib/python3/dist-packages/colcon_core/task/python/colcon_distutils_commands:/home/songsong/gps_imu_ws/install/gps_imu_fusion_pkg/lib/python3.10/site-packages:${PYTHONPATH} /usr/bin/python3 -W ignore:setup.py install is deprecated -W ignore:easy_install command is deprecated setup.py egg_info --egg-base ../../build/gps_imu_fusion_pkg build --build-base /home/songsong/gps_imu_ws/build/gps_imu_fusion_pkg/build install --record /home/songsong/gps_imu_ws/build/gps_imu_fusion_pkg/install.log --single-version-externally-managed install_data
