[0.013s] Invoking command in '/home/songsong/gps_imu_ws/build/serial': CMAKE_PREFIX_PATH=${CMAKE_PREFIX_PATH}:/home/songsong/gps_imu_ws/install/imu_gps_sync_py:/opt/ros/humble /usr/bin/cmake --build /home/songsong/gps_imu_ws/build/serial -- -j6 -l6
[0.048s] [35m[1mConsolidate compiler generated dependencies of target serial[0m
[0.059s] [100%] Built target serial
[0.170s] Invoked command in '/home/songsong/gps_imu_ws/build/serial' returned '0': CMAKE_PREFIX_PATH=${CMAKE_PREFIX_PATH}:/home/songsong/gps_imu_ws/install/imu_gps_sync_py:/opt/ros/humble /usr/bin/cmake --build /home/songsong/gps_imu_ws/build/serial -- -j6 -l6
[0.178s] Invoking command in '/home/songsong/gps_imu_ws/build/serial': CMAKE_PREFIX_PATH=${CMAKE_PREFIX_PATH}:/home/songsong/gps_imu_ws/install/imu_gps_sync_py:/opt/ros/humble /usr/bin/cmake --install /home/songsong/gps_imu_ws/build/serial
[0.180s] -- Install configuration: ""
[0.180s] -- Installing: /home/songsong/gps_imu_ws/install/serial/share/serial/environment/library_path.sh
[0.180s] -- Installing: /home/songsong/gps_imu_ws/install/serial/share/serial/environment/library_path.dsv
[0.180s] -- Installing: /home/songsong/gps_imu_ws/install/serial/lib/libserial.a
[0.181s] -- Installing: /home/songsong/gps_imu_ws/install/serial/include/serial/serial.h
[0.181s] -- Installing: /home/songsong/gps_imu_ws/install/serial/include/serial/v8stdint.h
[0.182s] -- Installing: /home/songsong/gps_imu_ws/install/serial/share/ament_index/resource_index/package_run_dependencies/serial
[0.182s] -- Installing: /home/songsong/gps_imu_ws/install/serial/share/ament_index/resource_index/parent_prefix_path/serial
[0.182s] -- Installing: /home/songsong/gps_imu_ws/install/serial/share/serial/environment/ament_prefix_path.sh
[0.182s] -- Installing: /home/songsong/gps_imu_ws/install/serial/share/serial/environment/ament_prefix_path.dsv
[0.182s] -- Installing: /home/songsong/gps_imu_ws/install/serial/share/serial/environment/path.sh
[0.183s] -- Installing: /home/songsong/gps_imu_ws/install/serial/share/serial/environment/path.dsv
[0.183s] -- Installing: /home/songsong/gps_imu_ws/install/serial/share/serial/local_setup.bash
[0.183s] -- Installing: /home/songsong/gps_imu_ws/install/serial/share/serial/local_setup.sh
[0.183s] -- Installing: /home/songsong/gps_imu_ws/install/serial/share/serial/local_setup.zsh
[0.183s] -- Installing: /home/songsong/gps_imu_ws/install/serial/share/serial/local_setup.dsv
[0.183s] -- Installing: /home/songsong/gps_imu_ws/install/serial/share/serial/package.dsv
[0.183s] -- Installing: /home/songsong/gps_imu_ws/install/serial/share/ament_index/resource_index/packages/serial
[0.183s] -- Installing: /home/songsong/gps_imu_ws/install/serial/share/serial/cmake/ament_cmake_export_include_directories-extras.cmake
[0.183s] -- Installing: /home/songsong/gps_imu_ws/install/serial/share/serial/cmake/ament_cmake_export_libraries-extras.cmake
[0.183s] -- Installing: /home/songsong/gps_imu_ws/install/serial/share/serial/cmake/serialConfig.cmake
[0.183s] -- Installing: /home/songsong/gps_imu_ws/install/serial/share/serial/cmake/serialConfig-version.cmake
[0.183s] -- Installing: /home/songsong/gps_imu_ws/install/serial/share/serial/package.xml
[0.185s] Invoked command in '/home/songsong/gps_imu_ws/build/serial' returned '0': CMAKE_PREFIX_PATH=${CMAKE_PREFIX_PATH}:/home/songsong/gps_imu_ws/install/imu_gps_sync_py:/opt/ros/humble /usr/bin/cmake --install /home/songsong/gps_imu_ws/build/serial
