[  1%] [34m[1mGenerating C code for ROS interfaces[0m
[  3%] [34m[1mGenerating C++ code for ROS interfaces[0m
[  3%] Built target ament_cmake_python_copy_umx_driver
[  4%] [32mBuilding CXX object gtest/CMakeFiles/gtest_main.dir/src/gtest_main.cc.o[0m
[  6%] [32mBuilding CXX object gtest/CMakeFiles/gtest.dir/src/gtest-all.cc.o[0m
running egg_info
creating umx_driver.egg-info
writing umx_driver.egg-info/PKG-INFO
writing dependency_links to umx_driver.egg-info/dependency_links.txt
writing top-level names to umx_driver.egg-info/top_level.txt
writing manifest file 'umx_driver.egg-info/SOURCES.txt'
reading manifest file 'umx_driver.egg-info/SOURCES.txt'
writing manifest file 'umx_driver.egg-info/SOURCES.txt'
[  6%] Built target ament_cmake_python_build_umx_driver_egg
[  6%] Built target umx_driver__cpp
[  9%] [34m[1mGenerating C++ introspection for ROS interfaces[0m
[  9%] [34m[1mGenerating C++ type support dispatch for ROS interfaces[0m
[ 10%] [34m[1mGenerating C++ type support for eProsima Fast-RTPS[0m
[ 12%] [32mBuilding C object CMakeFiles/umx_driver__rosidl_generator_c.dir/rosidl_generator_c/umx_driver/srv/detail/um6_reset__functions.c.o[0m
[ 13%] [32mBuilding C object CMakeFiles/umx_driver__rosidl_generator_c.dir/rosidl_generator_c/umx_driver/srv/detail/um7_reset__functions.c.o[0m
[ 15%] [32m[1mLinking C shared library libumx_driver__rosidl_generator_c.so[0m
[ 15%] Built target umx_driver__rosidl_generator_c
[ 16%] [32mBuilding CXX object CMakeFiles/umx_driver__rosidl_typesupport_fastrtps_cpp.dir/rosidl_typesupport_fastrtps_cpp/umx_driver/srv/detail/dds_fastrtps/um6_reset__type_support.cpp.o[0m
[ 18%] [32mBuilding CXX object CMakeFiles/umx_driver__rosidl_typesupport_introspection_cpp.dir/rosidl_typesupport_introspection_cpp/umx_driver/srv/detail/um6_reset__type_support.cpp.o[0m
[ 20%] [34m[1mGenerating C type support for eProsima Fast-RTPS[0m
[ 21%] [32mBuilding CXX object CMakeFiles/umx_driver__rosidl_typesupport_cpp.dir/rosidl_typesupport_cpp/umx_driver/srv/um6_reset__type_support.cpp.o[0m
[ 23%] [32mBuilding CXX object CMakeFiles/umx_driver__rosidl_typesupport_cpp.dir/rosidl_typesupport_cpp/umx_driver/srv/um7_reset__type_support.cpp.o[0m
[ 24%] [32m[1mLinking CXX static library libgtest_main.a[0m
[ 24%] Built target gtest_main
[ 26%] [34m[1mGenerating C introspection for ROS interfaces[0m
[ 27%] [32mBuilding CXX object CMakeFiles/umx_driver__rosidl_typesupport_fastrtps_c.dir/rosidl_typesupport_fastrtps_c/umx_driver/srv/detail/um6_reset__type_support_c.cpp.o[0m
[ 29%] [32mBuilding CXX object CMakeFiles/umx_driver__rosidl_typesupport_introspection_cpp.dir/rosidl_typesupport_introspection_cpp/umx_driver/srv/detail/um7_reset__type_support.cpp.o[0m
[ 30%] [32mBuilding CXX object CMakeFiles/umx_driver__rosidl_typesupport_fastrtps_cpp.dir/rosidl_typesupport_fastrtps_cpp/umx_driver/srv/detail/dds_fastrtps/um7_reset__type_support.cpp.o[0m
[ 32%] [32m[1mLinking CXX shared library libumx_driver__rosidl_typesupport_cpp.so[0m
[ 32%] Built target umx_driver__rosidl_typesupport_cpp
[ 33%] [34m[1mGenerating C type support dispatch for ROS interfaces[0m
[ 35%] [32mBuilding CXX object CMakeFiles/umx_driver__rosidl_typesupport_fastrtps_c.dir/rosidl_typesupport_fastrtps_c/umx_driver/srv/detail/um7_reset__type_support_c.cpp.o[0m
[ 36%] [32mBuilding C object CMakeFiles/umx_driver__rosidl_typesupport_introspection_c.dir/rosidl_typesupport_introspection_c/umx_driver/srv/detail/um6_reset__type_support.c.o[0m
[ 38%] [32m[1mLinking CXX shared library libumx_driver__rosidl_typesupport_introspection_cpp.so[0m
[ 40%] [32mBuilding C object CMakeFiles/umx_driver__rosidl_typesupport_introspection_c.dir/rosidl_typesupport_introspection_c/umx_driver/srv/detail/um7_reset__type_support.c.o[0m
[ 40%] Built target umx_driver__rosidl_typesupport_introspection_cpp
[ 41%] [32mBuilding CXX object CMakeFiles/um6_driver.dir/src/um6_driver.cpp.o[0m
[ 43%] [32m[1mLinking CXX shared library libumx_driver__rosidl_typesupport_fastrtps_cpp.so[0m
[ 44%] [32m[1mLinking C shared library libumx_driver__rosidl_typesupport_introspection_c.so[0m
[ 44%] Built target umx_driver__rosidl_typesupport_introspection_c
[ 46%] [32mBuilding CXX object CMakeFiles/um7_driver.dir/src/um7_driver.cpp.o[0m
[ 46%] Built target umx_driver__rosidl_typesupport_fastrtps_cpp
[ 47%] [32mBuilding CXX object CMakeFiles/um7_driver.dir/src/um7_registers.cpp.o[0m
[ 49%] [32mBuilding CXX object CMakeFiles/umx_driver__rosidl_typesupport_c.dir/rosidl_typesupport_c/umx_driver/srv/um6_reset__type_support.cpp.o[0m
[ 50%] [32mBuilding CXX object CMakeFiles/umx_driver__rosidl_typesupport_c.dir/rosidl_typesupport_c/umx_driver/srv/um7_reset__type_support.cpp.o[0m
[ 52%] [32m[1mLinking CXX shared library libumx_driver__rosidl_typesupport_c.so[0m
[ 53%] [32m[1mLinking CXX shared library libumx_driver__rosidl_typesupport_fastrtps_c.so[0m
[ 53%] Built target umx_driver__rosidl_typesupport_c
[ 55%] [32mBuilding CXX object CMakeFiles/um7_driver.dir/src/um7_comms.cpp.o[0m
[ 55%] Built target umx_driver__rosidl_typesupport_fastrtps_c
[ 55%] Built target umx_driver
[ 56%] [34m[1mGenerating Python code for ROS interfaces[0m
[ 58%] [32mBuilding CXX object CMakeFiles/um6_driver.dir/src/um6_registers.cpp.o[0m
[ 60%] [32mBuilding CXX object CMakeFiles/um6_driver.dir/src/um6_comms.cpp.o[0m
[ 60%] Built target umx_driver__py
[ 61%] [32mBuilding C object CMakeFiles/umx_driver__rosidl_generator_py.dir/rosidl_generator_py/umx_driver/srv/_um6_reset_s.c.o[0m
[ 63%] [32mBuilding C object CMakeFiles/umx_driver__rosidl_generator_py.dir/rosidl_generator_py/umx_driver/srv/_um7_reset_s.c.o[0m
[ 64%] [32m[1mLinking C shared library rosidl_generator_py/umx_driver/libumx_driver__rosidl_generator_py.so[0m
[ 64%] Built target umx_driver__rosidl_generator_py
[ 66%] [32mBuilding C object CMakeFiles/umx_driver__rosidl_typesupport_fastrtps_c__pyext.dir/rosidl_generator_py/umx_driver/_umx_driver_s.ep.rosidl_typesupport_fastrtps_c.c.o[0m
[ 67%] [32m[1mLinking C shared library rosidl_generator_py/umx_driver/umx_driver_s__rosidl_typesupport_fastrtps_c.cpython-310-aarch64-linux-gnu.so[0m
[ 67%] Built target umx_driver__rosidl_typesupport_fastrtps_c__pyext
[ 69%] [32mBuilding C object CMakeFiles/umx_driver__rosidl_typesupport_introspection_c__pyext.dir/rosidl_generator_py/umx_driver/_umx_driver_s.ep.rosidl_typesupport_introspection_c.c.o[0m
[ 70%] [32m[1mLinking C shared library rosidl_generator_py/umx_driver/umx_driver_s__rosidl_typesupport_introspection_c.cpython-310-aarch64-linux-gnu.so[0m
[ 70%] Built target umx_driver__rosidl_typesupport_introspection_c__pyext
[ 72%] [32mBuilding C object CMakeFiles/umx_driver__rosidl_typesupport_c__pyext.dir/rosidl_generator_py/umx_driver/_umx_driver_s.ep.rosidl_typesupport_c.c.o[0m
[ 73%] [32m[1mLinking CXX static library libgtest.a[0m
[ 75%] [32m[1mLinking C shared library rosidl_generator_py/umx_driver/umx_driver_s__rosidl_typesupport_c.cpython-310-aarch64-linux-gnu.so[0m
[ 75%] Built target gtest
[ 75%] Built target umx_driver__rosidl_typesupport_c__pyext
[ 76%] [32mBuilding CXX object CMakeFiles/um6_comms_test.dir/test/um6_test_comms.cpp.o[0m
[ 78%] [32mBuilding CXX object CMakeFiles/um6_register_test.dir/test/um6_test_registers.cpp.o[0m
[ 80%] [32mBuilding CXX object CMakeFiles/um6_register_test.dir/src/um6_registers.cpp.o[0m
[ 81%] [32mBuilding CXX object CMakeFiles/um6_comms_test.dir/src/um6_registers.cpp.o[0m
[ 83%] [32mBuilding CXX object CMakeFiles/um7_comms_test.dir/test/um7_test_comms.cpp.o[0m
[ 84%] [32m[1mLinking CXX executable um6_register_test[0m
[ 86%] [32mBuilding CXX object CMakeFiles/um6_comms_test.dir/src/um6_comms.cpp.o[0m
[ 86%] Built target um6_register_test
[ 87%] [32mBuilding CXX object CMakeFiles/um7_register_test.dir/test/um7_test_registers.cpp.o[0m
[ 89%] [32mBuilding CXX object CMakeFiles/um7_register_test.dir/src/um7_registers.cpp.o[0m
[ 90%] [32m[1mLinking CXX executable um7_register_test[0m
[ 90%] Built target um7_register_test
[ 92%] [32mBuilding CXX object CMakeFiles/um7_comms_test.dir/src/um7_registers.cpp.o[0m
[ 93%] [32mBuilding CXX object CMakeFiles/um7_comms_test.dir/src/um7_comms.cpp.o[0m
[ 95%] [32m[1mLinking CXX executable um6_driver[0m
[ 96%] [32m[1mLinking CXX executable um7_driver[0m
[ 96%] Built target um7_driver
[ 96%] Built target um6_driver
[ 98%] [32m[1mLinking CXX executable um6_comms_test[0m
[ 98%] Built target um6_comms_test
[100%] [32m[1mLinking CXX executable um7_comms_test[0m
[100%] Built target um7_comms_test
-- Install configuration: ""
-- Installing: /home/songsong/gps_imu_ws/install/umx_driver/share/ament_index/resource_index/rosidl_interfaces/umx_driver
-- Installing: /home/songsong/gps_imu_ws/install/umx_driver/include/umx_driver/umx_driver
-- Installing: /home/songsong/gps_imu_ws/install/umx_driver/include/umx_driver/umx_driver/srv
-- Installing: /home/songsong/gps_imu_ws/install/umx_driver/include/umx_driver/umx_driver/srv/um7_reset.h
-- Installing: /home/songsong/gps_imu_ws/install/umx_driver/include/umx_driver/umx_driver/srv/detail
-- Installing: /home/songsong/gps_imu_ws/install/umx_driver/include/umx_driver/umx_driver/srv/detail/um7_reset__functions.c
-- Installing: /home/songsong/gps_imu_ws/install/umx_driver/include/umx_driver/umx_driver/srv/detail/um7_reset__type_support.h
-- Installing: /home/songsong/gps_imu_ws/install/umx_driver/include/umx_driver/umx_driver/srv/detail/um6_reset__functions.c
-- Installing: /home/songsong/gps_imu_ws/install/umx_driver/include/umx_driver/umx_driver/srv/detail/um6_reset__struct.h
-- Installing: /home/songsong/gps_imu_ws/install/umx_driver/include/umx_driver/umx_driver/srv/detail/um7_reset__struct.h
-- Installing: /home/songsong/gps_imu_ws/install/umx_driver/include/umx_driver/umx_driver/srv/detail/um6_reset__functions.h
-- Installing: /home/songsong/gps_imu_ws/install/umx_driver/include/umx_driver/umx_driver/srv/detail/um6_reset__type_support.h
-- Installing: /home/songsong/gps_imu_ws/install/umx_driver/include/umx_driver/umx_driver/srv/detail/um7_reset__functions.h
-- Installing: /home/songsong/gps_imu_ws/install/umx_driver/include/umx_driver/umx_driver/srv/um6_reset.h
-- Installing: /home/songsong/gps_imu_ws/install/umx_driver/include/umx_driver/umx_driver/msg
-- Installing: /home/songsong/gps_imu_ws/install/umx_driver/include/umx_driver/umx_driver/msg/rosidl_generator_c__visibility_control.h
-- Installing: /home/songsong/gps_imu_ws/install/umx_driver/share/umx_driver/environment/library_path.sh
-- Installing: /home/songsong/gps_imu_ws/install/umx_driver/share/umx_driver/environment/library_path.dsv
-- Installing: /home/songsong/gps_imu_ws/install/umx_driver/lib/libumx_driver__rosidl_generator_c.so
-- Set runtime path of "/home/songsong/gps_imu_ws/install/umx_driver/lib/libumx_driver__rosidl_generator_c.so" to ""
-- Up-to-date: /home/songsong/gps_imu_ws/install/umx_driver/include/umx_driver/umx_driver
-- Up-to-date: /home/songsong/gps_imu_ws/install/umx_driver/include/umx_driver/umx_driver/srv
-- Up-to-date: /home/songsong/gps_imu_ws/install/umx_driver/include/umx_driver/umx_driver/srv/detail
-- Installing: /home/songsong/gps_imu_ws/install/umx_driver/include/umx_driver/umx_driver/srv/detail/um7_reset__rosidl_typesupport_fastrtps_c.h
-- Installing: /home/songsong/gps_imu_ws/install/umx_driver/include/umx_driver/umx_driver/srv/detail/um6_reset__rosidl_typesupport_fastrtps_c.h
-- Up-to-date: /home/songsong/gps_imu_ws/install/umx_driver/include/umx_driver/umx_driver/msg
-- Installing: /home/songsong/gps_imu_ws/install/umx_driver/include/umx_driver/umx_driver/msg/rosidl_typesupport_fastrtps_c__visibility_control.h
-- Installing: /home/songsong/gps_imu_ws/install/umx_driver/lib/libumx_driver__rosidl_typesupport_fastrtps_c.so
-- Set runtime path of "/home/songsong/gps_imu_ws/install/umx_driver/lib/libumx_driver__rosidl_typesupport_fastrtps_c.so" to ""
-- Up-to-date: /home/songsong/gps_imu_ws/install/umx_driver/include/umx_driver/umx_driver
-- Up-to-date: /home/songsong/gps_imu_ws/install/umx_driver/include/umx_driver/umx_driver/srv
-- Installing: /home/songsong/gps_imu_ws/install/umx_driver/include/umx_driver/umx_driver/srv/um7_reset.hpp
-- Installing: /home/songsong/gps_imu_ws/install/umx_driver/include/umx_driver/umx_driver/srv/um6_reset.hpp
-- Up-to-date: /home/songsong/gps_imu_ws/install/umx_driver/include/umx_driver/umx_driver/srv/detail
-- Installing: /home/songsong/gps_imu_ws/install/umx_driver/include/umx_driver/umx_driver/srv/detail/um6_reset__struct.hpp
-- Installing: /home/songsong/gps_imu_ws/install/umx_driver/include/umx_driver/umx_driver/srv/detail/um6_reset__traits.hpp
-- Installing: /home/songsong/gps_imu_ws/install/umx_driver/include/umx_driver/umx_driver/srv/detail/um6_reset__builder.hpp
-- Installing: /home/songsong/gps_imu_ws/install/umx_driver/include/umx_driver/umx_driver/srv/detail/um7_reset__traits.hpp
-- Installing: /home/songsong/gps_imu_ws/install/umx_driver/include/umx_driver/umx_driver/srv/detail/um7_reset__builder.hpp
-- Installing: /home/songsong/gps_imu_ws/install/umx_driver/include/umx_driver/umx_driver/srv/detail/um6_reset__type_support.hpp
-- Installing: /home/songsong/gps_imu_ws/install/umx_driver/include/umx_driver/umx_driver/srv/detail/um7_reset__type_support.hpp
-- Installing: /home/songsong/gps_imu_ws/install/umx_driver/include/umx_driver/umx_driver/srv/detail/um7_reset__struct.hpp
-- Up-to-date: /home/songsong/gps_imu_ws/install/umx_driver/include/umx_driver/umx_driver/msg
-- Installing: /home/songsong/gps_imu_ws/install/umx_driver/include/umx_driver/umx_driver/msg/rosidl_generator_cpp__visibility_control.hpp
-- Up-to-date: /home/songsong/gps_imu_ws/install/umx_driver/include/umx_driver/umx_driver
-- Up-to-date: /home/songsong/gps_imu_ws/install/umx_driver/include/umx_driver/umx_driver/srv
-- Up-to-date: /home/songsong/gps_imu_ws/install/umx_driver/include/umx_driver/umx_driver/srv/detail
-- Installing: /home/songsong/gps_imu_ws/install/umx_driver/include/umx_driver/umx_driver/srv/detail/dds_fastrtps
-- Installing: /home/songsong/gps_imu_ws/install/umx_driver/include/umx_driver/umx_driver/srv/detail/um6_reset__rosidl_typesupport_fastrtps_cpp.hpp
-- Installing: /home/songsong/gps_imu_ws/install/umx_driver/include/umx_driver/umx_driver/srv/detail/um7_reset__rosidl_typesupport_fastrtps_cpp.hpp
-- Up-to-date: /home/songsong/gps_imu_ws/install/umx_driver/include/umx_driver/umx_driver/msg
-- Installing: /home/songsong/gps_imu_ws/install/umx_driver/include/umx_driver/umx_driver/msg/rosidl_typesupport_fastrtps_cpp__visibility_control.h
-- Installing: /home/songsong/gps_imu_ws/install/umx_driver/lib/libumx_driver__rosidl_typesupport_fastrtps_cpp.so
-- Set runtime path of "/home/songsong/gps_imu_ws/install/umx_driver/lib/libumx_driver__rosidl_typesupport_fastrtps_cpp.so" to ""
-- Up-to-date: /home/songsong/gps_imu_ws/install/umx_driver/include/umx_driver/umx_driver
-- Up-to-date: /home/songsong/gps_imu_ws/install/umx_driver/include/umx_driver/umx_driver/srv
-- Up-to-date: /home/songsong/gps_imu_ws/install/umx_driver/include/umx_driver/umx_driver/srv/detail
-- Installing: /home/songsong/gps_imu_ws/install/umx_driver/include/umx_driver/umx_driver/srv/detail/um7_reset__type_support.c
-- Installing: /home/songsong/gps_imu_ws/install/umx_driver/include/umx_driver/umx_driver/srv/detail/um7_reset__rosidl_typesupport_introspection_c.h
-- Installing: /home/songsong/gps_imu_ws/install/umx_driver/include/umx_driver/umx_driver/srv/detail/um6_reset__type_support.c
-- Installing: /home/songsong/gps_imu_ws/install/umx_driver/include/umx_driver/umx_driver/srv/detail/um6_reset__rosidl_typesupport_introspection_c.h
-- Up-to-date: /home/songsong/gps_imu_ws/install/umx_driver/include/umx_driver/umx_driver/msg
-- Installing: /home/songsong/gps_imu_ws/install/umx_driver/include/umx_driver/umx_driver/msg/rosidl_typesupport_introspection_c__visibility_control.h
-- Installing: /home/songsong/gps_imu_ws/install/umx_driver/lib/libumx_driver__rosidl_typesupport_introspection_c.so
-- Set runtime path of "/home/songsong/gps_imu_ws/install/umx_driver/lib/libumx_driver__rosidl_typesupport_introspection_c.so" to ""
-- Installing: /home/songsong/gps_imu_ws/install/umx_driver/lib/libumx_driver__rosidl_typesupport_c.so
-- Set runtime path of "/home/songsong/gps_imu_ws/install/umx_driver/lib/libumx_driver__rosidl_typesupport_c.so" to ""
-- Up-to-date: /home/songsong/gps_imu_ws/install/umx_driver/include/umx_driver/umx_driver
-- Up-to-date: /home/songsong/gps_imu_ws/install/umx_driver/include/umx_driver/umx_driver/srv
-- Up-to-date: /home/songsong/gps_imu_ws/install/umx_driver/include/umx_driver/umx_driver/srv/detail
-- Installing: /home/songsong/gps_imu_ws/install/umx_driver/include/umx_driver/umx_driver/srv/detail/um6_reset__type_support.cpp
-- Installing: /home/songsong/gps_imu_ws/install/umx_driver/include/umx_driver/umx_driver/srv/detail/um6_reset__rosidl_typesupport_introspection_cpp.hpp
-- Installing: /home/songsong/gps_imu_ws/install/umx_driver/include/umx_driver/umx_driver/srv/detail/um7_reset__rosidl_typesupport_introspection_cpp.hpp
-- Installing: /home/songsong/gps_imu_ws/install/umx_driver/include/umx_driver/umx_driver/srv/detail/um7_reset__type_support.cpp
-- Installing: /home/songsong/gps_imu_ws/install/umx_driver/lib/libumx_driver__rosidl_typesupport_introspection_cpp.so
-- Set runtime path of "/home/songsong/gps_imu_ws/install/umx_driver/lib/libumx_driver__rosidl_typesupport_introspection_cpp.so" to ""
-- Installing: /home/songsong/gps_imu_ws/install/umx_driver/lib/libumx_driver__rosidl_typesupport_cpp.so
-- Set runtime path of "/home/songsong/gps_imu_ws/install/umx_driver/lib/libumx_driver__rosidl_typesupport_cpp.so" to ""
-- Installing: /home/songsong/gps_imu_ws/install/umx_driver/share/umx_driver/environment/pythonpath.sh
-- Installing: /home/songsong/gps_imu_ws/install/umx_driver/share/umx_driver/environment/pythonpath.dsv
-- Installing: /home/songsong/gps_imu_ws/install/umx_driver/local/lib/python3.10/dist-packages/umx_driver-1.0.1-py3.10.egg-info
-- Installing: /home/songsong/gps_imu_ws/install/umx_driver/local/lib/python3.10/dist-packages/umx_driver-1.0.1-py3.10.egg-info/PKG-INFO
-- Installing: /home/songsong/gps_imu_ws/install/umx_driver/local/lib/python3.10/dist-packages/umx_driver-1.0.1-py3.10.egg-info/dependency_links.txt
-- Installing: /home/songsong/gps_imu_ws/install/umx_driver/local/lib/python3.10/dist-packages/umx_driver-1.0.1-py3.10.egg-info/SOURCES.txt
-- Installing: /home/songsong/gps_imu_ws/install/umx_driver/local/lib/python3.10/dist-packages/umx_driver-1.0.1-py3.10.egg-info/top_level.txt
-- Installing: /home/songsong/gps_imu_ws/install/umx_driver/local/lib/python3.10/dist-packages/umx_driver
-- Installing: /home/songsong/gps_imu_ws/install/umx_driver/local/lib/python3.10/dist-packages/umx_driver/libumx_driver__rosidl_generator_py.so
-- Installing: /home/songsong/gps_imu_ws/install/umx_driver/local/lib/python3.10/dist-packages/umx_driver/_umx_driver_s.ep.rosidl_typesupport_fastrtps_c.c
-- Installing: /home/songsong/gps_imu_ws/install/umx_driver/local/lib/python3.10/dist-packages/umx_driver/_umx_driver_s.ep.rosidl_typesupport_introspection_c.c
-- Installing: /home/songsong/gps_imu_ws/install/umx_driver/local/lib/python3.10/dist-packages/umx_driver/umx_driver_s__rosidl_typesupport_fastrtps_c.cpython-310-aarch64-linux-gnu.so
-- Installing: /home/songsong/gps_imu_ws/install/umx_driver/local/lib/python3.10/dist-packages/umx_driver/umx_driver_s__rosidl_typesupport_c.cpython-310-aarch64-linux-gnu.so
-- Installing: /home/songsong/gps_imu_ws/install/umx_driver/local/lib/python3.10/dist-packages/umx_driver/umx_driver_s__rosidl_typesupport_introspection_c.cpython-310-aarch64-linux-gnu.so
-- Installing: /home/songsong/gps_imu_ws/install/umx_driver/local/lib/python3.10/dist-packages/umx_driver/srv
-- Installing: /home/songsong/gps_imu_ws/install/umx_driver/local/lib/python3.10/dist-packages/umx_driver/srv/_um6_reset_s.c
-- Installing: /home/songsong/gps_imu_ws/install/umx_driver/local/lib/python3.10/dist-packages/umx_driver/srv/_um6_reset.py
-- Installing: /home/songsong/gps_imu_ws/install/umx_driver/local/lib/python3.10/dist-packages/umx_driver/srv/_um7_reset_s.c
-- Installing: /home/songsong/gps_imu_ws/install/umx_driver/local/lib/python3.10/dist-packages/umx_driver/srv/_um7_reset.py
-- Installing: /home/songsong/gps_imu_ws/install/umx_driver/local/lib/python3.10/dist-packages/umx_driver/srv/__init__.py
-- Installing: /home/songsong/gps_imu_ws/install/umx_driver/local/lib/python3.10/dist-packages/umx_driver/_umx_driver_s.ep.rosidl_typesupport_c.c
-- Installing: /home/songsong/gps_imu_ws/install/umx_driver/local/lib/python3.10/dist-packages/umx_driver/__init__.py
Listing '/home/songsong/gps_imu_ws/install/umx_driver/local/lib/python3.10/dist-packages/umx_driver'...
Compiling '/home/songsong/gps_imu_ws/install/umx_driver/local/lib/python3.10/dist-packages/umx_driver/__init__.py'...
Listing '/home/songsong/gps_imu_ws/install/umx_driver/local/lib/python3.10/dist-packages/umx_driver/srv'...
Compiling '/home/songsong/gps_imu_ws/install/umx_driver/local/lib/python3.10/dist-packages/umx_driver/srv/__init__.py'...
Compiling '/home/songsong/gps_imu_ws/install/umx_driver/local/lib/python3.10/dist-packages/umx_driver/srv/_um6_reset.py'...
Compiling '/home/songsong/gps_imu_ws/install/umx_driver/local/lib/python3.10/dist-packages/umx_driver/srv/_um7_reset.py'...
-- Installing: /home/songsong/gps_imu_ws/install/umx_driver/local/lib/python3.10/dist-packages/umx_driver/umx_driver_s__rosidl_typesupport_fastrtps_c.cpython-310-aarch64-linux-gnu.so
-- Set runtime path of "/home/songsong/gps_imu_ws/install/umx_driver/local/lib/python3.10/dist-packages/umx_driver/umx_driver_s__rosidl_typesupport_fastrtps_c.cpython-310-aarch64-linux-gnu.so" to ""
-- Installing: /home/songsong/gps_imu_ws/install/umx_driver/local/lib/python3.10/dist-packages/umx_driver/umx_driver_s__rosidl_typesupport_introspection_c.cpython-310-aarch64-linux-gnu.so
-- Set runtime path of "/home/songsong/gps_imu_ws/install/umx_driver/local/lib/python3.10/dist-packages/umx_driver/umx_driver_s__rosidl_typesupport_introspection_c.cpython-310-aarch64-linux-gnu.so" to ""
-- Installing: /home/songsong/gps_imu_ws/install/umx_driver/local/lib/python3.10/dist-packages/umx_driver/umx_driver_s__rosidl_typesupport_c.cpython-310-aarch64-linux-gnu.so
-- Set runtime path of "/home/songsong/gps_imu_ws/install/umx_driver/local/lib/python3.10/dist-packages/umx_driver/umx_driver_s__rosidl_typesupport_c.cpython-310-aarch64-linux-gnu.so" to ""
-- Installing: /home/songsong/gps_imu_ws/install/umx_driver/lib/libumx_driver__rosidl_generator_py.so
-- Set runtime path of "/home/songsong/gps_imu_ws/install/umx_driver/lib/libumx_driver__rosidl_generator_py.so" to ""
-- Installing: /home/songsong/gps_imu_ws/install/umx_driver/share/umx_driver/srv/Um6Reset.idl
-- Installing: /home/songsong/gps_imu_ws/install/umx_driver/share/umx_driver/srv/Um7Reset.idl
-- Installing: /home/songsong/gps_imu_ws/install/umx_driver/share/umx_driver/srv/Um6Reset.srv
-- Installing: /home/songsong/gps_imu_ws/install/umx_driver/share/umx_driver/srv/Um6Reset_Request.msg
-- Installing: /home/songsong/gps_imu_ws/install/umx_driver/share/umx_driver/srv/Um6Reset_Response.msg
-- Installing: /home/songsong/gps_imu_ws/install/umx_driver/share/umx_driver/srv/Um7Reset.srv
-- Installing: /home/songsong/gps_imu_ws/install/umx_driver/share/umx_driver/srv/Um7Reset_Request.msg
-- Installing: /home/songsong/gps_imu_ws/install/umx_driver/share/umx_driver/srv/Um7Reset_Response.msg
-- Installing: /home/songsong/gps_imu_ws/install/umx_driver/lib/umx_driver/um6_driver
-- Set runtime path of "/home/songsong/gps_imu_ws/install/umx_driver/lib/umx_driver/um6_driver" to ""
-- Installing: /home/songsong/gps_imu_ws/install/umx_driver/lib/umx_driver/um7_driver
-- Set runtime path of "/home/songsong/gps_imu_ws/install/umx_driver/lib/umx_driver/um7_driver" to ""
-- Installing: /home/songsong/gps_imu_ws/install/umx_driver/test/umx_driver/um6_comms_test
-- Set runtime path of "/home/songsong/gps_imu_ws/install/umx_driver/test/umx_driver/um6_comms_test" to ""
-- Installing: /home/songsong/gps_imu_ws/install/umx_driver/test/umx_driver/um6_register_test
-- Set runtime path of "/home/songsong/gps_imu_ws/install/umx_driver/test/umx_driver/um6_register_test" to ""
-- Installing: /home/songsong/gps_imu_ws/install/umx_driver/test/umx_driver/um7_comms_test
-- Set runtime path of "/home/songsong/gps_imu_ws/install/umx_driver/test/umx_driver/um7_comms_test" to ""
-- Installing: /home/songsong/gps_imu_ws/install/umx_driver/test/umx_driver/um7_register_test
-- Set runtime path of "/home/songsong/gps_imu_ws/install/umx_driver/test/umx_driver/um7_register_test" to ""
-- Installing: /home/songsong/gps_imu_ws/install/umx_driver/share/ament_index/resource_index/package_run_dependencies/umx_driver
-- Installing: /home/songsong/gps_imu_ws/install/umx_driver/share/ament_index/resource_index/parent_prefix_path/umx_driver
-- Installing: /home/songsong/gps_imu_ws/install/umx_driver/share/umx_driver/environment/ament_prefix_path.sh
-- Installing: /home/songsong/gps_imu_ws/install/umx_driver/share/umx_driver/environment/ament_prefix_path.dsv
-- Installing: /home/songsong/gps_imu_ws/install/umx_driver/share/umx_driver/environment/path.sh
-- Installing: /home/songsong/gps_imu_ws/install/umx_driver/share/umx_driver/environment/path.dsv
-- Installing: /home/songsong/gps_imu_ws/install/umx_driver/share/umx_driver/local_setup.bash
-- Installing: /home/songsong/gps_imu_ws/install/umx_driver/share/umx_driver/local_setup.sh
-- Installing: /home/songsong/gps_imu_ws/install/umx_driver/share/umx_driver/local_setup.zsh
-- Installing: /home/songsong/gps_imu_ws/install/umx_driver/share/umx_driver/local_setup.dsv
-- Installing: /home/songsong/gps_imu_ws/install/umx_driver/share/umx_driver/package.dsv
-- Installing: /home/songsong/gps_imu_ws/install/umx_driver/share/ament_index/resource_index/packages/umx_driver
-- Installing: /home/songsong/gps_imu_ws/install/umx_driver/share/umx_driver/cmake/export_umx_driver__rosidl_generator_cExport.cmake
-- Installing: /home/songsong/gps_imu_ws/install/umx_driver/share/umx_driver/cmake/export_umx_driver__rosidl_generator_cExport-noconfig.cmake
-- Installing: /home/songsong/gps_imu_ws/install/umx_driver/share/umx_driver/cmake/export_umx_driver__rosidl_typesupport_fastrtps_cExport.cmake
-- Installing: /home/songsong/gps_imu_ws/install/umx_driver/share/umx_driver/cmake/export_umx_driver__rosidl_typesupport_fastrtps_cExport-noconfig.cmake
-- Installing: /home/songsong/gps_imu_ws/install/umx_driver/share/umx_driver/cmake/export_umx_driver__rosidl_generator_cppExport.cmake
-- Installing: /home/songsong/gps_imu_ws/install/umx_driver/share/umx_driver/cmake/export_umx_driver__rosidl_typesupport_fastrtps_cppExport.cmake
-- Installing: /home/songsong/gps_imu_ws/install/umx_driver/share/umx_driver/cmake/export_umx_driver__rosidl_typesupport_fastrtps_cppExport-noconfig.cmake
-- Installing: /home/songsong/gps_imu_ws/install/umx_driver/share/umx_driver/cmake/umx_driver__rosidl_typesupport_introspection_cExport.cmake
-- Installing: /home/songsong/gps_imu_ws/install/umx_driver/share/umx_driver/cmake/umx_driver__rosidl_typesupport_introspection_cExport-noconfig.cmake
-- Installing: /home/songsong/gps_imu_ws/install/umx_driver/share/umx_driver/cmake/umx_driver__rosidl_typesupport_cExport.cmake
-- Installing: /home/songsong/gps_imu_ws/install/umx_driver/share/umx_driver/cmake/umx_driver__rosidl_typesupport_cExport-noconfig.cmake
-- Installing: /home/songsong/gps_imu_ws/install/umx_driver/share/umx_driver/cmake/umx_driver__rosidl_typesupport_introspection_cppExport.cmake
-- Installing: /home/songsong/gps_imu_ws/install/umx_driver/share/umx_driver/cmake/umx_driver__rosidl_typesupport_introspection_cppExport-noconfig.cmake
-- Installing: /home/songsong/gps_imu_ws/install/umx_driver/share/umx_driver/cmake/umx_driver__rosidl_typesupport_cppExport.cmake
-- Installing: /home/songsong/gps_imu_ws/install/umx_driver/share/umx_driver/cmake/umx_driver__rosidl_typesupport_cppExport-noconfig.cmake
-- Installing: /home/songsong/gps_imu_ws/install/umx_driver/share/umx_driver/cmake/export_umx_driver__rosidl_generator_pyExport.cmake
-- Installing: /home/songsong/gps_imu_ws/install/umx_driver/share/umx_driver/cmake/export_umx_driver__rosidl_generator_pyExport-noconfig.cmake
-- Installing: /home/songsong/gps_imu_ws/install/umx_driver/share/umx_driver/cmake/rosidl_cmake-extras.cmake
-- Installing: /home/songsong/gps_imu_ws/install/umx_driver/share/umx_driver/cmake/ament_cmake_export_include_directories-extras.cmake
-- Installing: /home/songsong/gps_imu_ws/install/umx_driver/share/umx_driver/cmake/ament_cmake_export_libraries-extras.cmake
-- Installing: /home/songsong/gps_imu_ws/install/umx_driver/share/umx_driver/cmake/ament_cmake_export_targets-extras.cmake
-- Installing: /home/songsong/gps_imu_ws/install/umx_driver/share/umx_driver/cmake/rosidl_cmake_export_typesupport_targets-extras.cmake
-- Installing: /home/songsong/gps_imu_ws/install/umx_driver/share/umx_driver/cmake/ament_cmake_export_dependencies-extras.cmake
-- Installing: /home/songsong/gps_imu_ws/install/umx_driver/share/umx_driver/cmake/rosidl_cmake_export_typesupport_libraries-extras.cmake
-- Installing: /home/songsong/gps_imu_ws/install/umx_driver/share/umx_driver/cmake/umx_driverConfig.cmake
-- Installing: /home/songsong/gps_imu_ws/install/umx_driver/share/umx_driver/cmake/umx_driverConfig-version.cmake
-- Installing: /home/songsong/gps_imu_ws/install/umx_driver/share/umx_driver/package.xml
