[0.005s] Invoking command in '/home/songsong/gps_imu_ws/build/umx_driver': CMAKE_PREFIX_PATH=/home/songsong/gps_imu_ws/install/serial:/home/songsong/gps_imu_ws/install/imu_gps_sync_cmake:/home/songsong/gps_imu_ws/install/umx_driver:/home/songsong/gps_imu_ws/install/imu_gps_sync_py:/opt/ros/humble /usr/bin/cmake --build /home/songsong/gps_imu_ws/build/umx_driver -- -j6 -l6
[0.030s] [  1%] [34m[1mGenerating C code for ROS interfaces[0m
[0.038s] [  3%] [34m[1mGenerating C++ code for ROS interfaces[0m
[0.042s] [  3%] Built target ament_cmake_python_copy_umx_driver
[0.043s] [  4%] [32mBuilding CXX object gtest/CMakeFiles/gtest_main.dir/src/gtest_main.cc.o[0m
[0.060s] [  6%] [32mBuilding CXX object gtest/CMakeFiles/gtest.dir/src/gtest-all.cc.o[0m
[0.257s] running egg_info
[0.274s] creating umx_driver.egg-info
[0.275s] writing umx_driver.egg-info/PKG-INFO
[0.275s] writing dependency_links to umx_driver.egg-info/dependency_links.txt
[0.275s] writing top-level names to umx_driver.egg-info/top_level.txt
[0.277s] writing manifest file 'umx_driver.egg-info/SOURCES.txt'
[0.281s] reading manifest file 'umx_driver.egg-info/SOURCES.txt'
[0.284s] writing manifest file 'umx_driver.egg-info/SOURCES.txt'
[0.309s] [  6%] Built target ament_cmake_python_build_umx_driver_egg
[0.409s] [  6%] Built target umx_driver__cpp
[0.415s] [  9%] [34m[1mGenerating C++ introspection for ROS interfaces[0m
[0.419s] [  9%] [34m[1mGenerating C++ type support dispatch for ROS interfaces[0m
[0.433s] [ 10%] [34m[1mGenerating C++ type support for eProsima Fast-RTPS[0m
[0.540s] [ 12%] [32mBuilding C object CMakeFiles/umx_driver__rosidl_generator_c.dir/rosidl_generator_c/umx_driver/srv/detail/um6_reset__functions.c.o[0m
[0.607s] [ 13%] [32mBuilding C object CMakeFiles/umx_driver__rosidl_generator_c.dir/rosidl_generator_c/umx_driver/srv/detail/um7_reset__functions.c.o[0m
[0.701s] [ 15%] [32m[1mLinking C shared library libumx_driver__rosidl_generator_c.so[0m
[0.738s] [ 15%] Built target umx_driver__rosidl_generator_c
[0.740s] [ 16%] [32mBuilding CXX object CMakeFiles/umx_driver__rosidl_typesupport_fastrtps_cpp.dir/rosidl_typesupport_fastrtps_cpp/umx_driver/srv/detail/dds_fastrtps/um6_reset__type_support.cpp.o[0m
[0.742s] [ 18%] [32mBuilding CXX object CMakeFiles/umx_driver__rosidl_typesupport_introspection_cpp.dir/rosidl_typesupport_introspection_cpp/umx_driver/srv/detail/um6_reset__type_support.cpp.o[0m
[0.743s] [ 20%] [34m[1mGenerating C type support for eProsima Fast-RTPS[0m
[0.749s] [ 21%] [32mBuilding CXX object CMakeFiles/umx_driver__rosidl_typesupport_cpp.dir/rosidl_typesupport_cpp/umx_driver/srv/um6_reset__type_support.cpp.o[0m
[1.068s] [ 23%] [32mBuilding CXX object CMakeFiles/umx_driver__rosidl_typesupport_cpp.dir/rosidl_typesupport_cpp/umx_driver/srv/um7_reset__type_support.cpp.o[0m
[1.072s] [ 24%] [32m[1mLinking CXX static library libgtest_main.a[0m
[1.100s] [ 24%] Built target gtest_main
[1.106s] [ 26%] [34m[1mGenerating C introspection for ROS interfaces[0m
[1.125s] [ 27%] [32mBuilding CXX object CMakeFiles/umx_driver__rosidl_typesupport_fastrtps_c.dir/rosidl_typesupport_fastrtps_c/umx_driver/srv/detail/um6_reset__type_support_c.cpp.o[0m
[1.144s] [ 29%] [32mBuilding CXX object CMakeFiles/umx_driver__rosidl_typesupport_introspection_cpp.dir/rosidl_typesupport_introspection_cpp/umx_driver/srv/detail/um7_reset__type_support.cpp.o[0m
[1.181s] [ 30%] [32mBuilding CXX object CMakeFiles/umx_driver__rosidl_typesupport_fastrtps_cpp.dir/rosidl_typesupport_fastrtps_cpp/umx_driver/srv/detail/dds_fastrtps/um7_reset__type_support.cpp.o[0m
[1.278s] [ 32%] [32m[1mLinking CXX shared library libumx_driver__rosidl_typesupport_cpp.so[0m
[1.308s] [ 32%] Built target umx_driver__rosidl_typesupport_cpp
[1.315s] [ 33%] [34m[1mGenerating C type support dispatch for ROS interfaces[0m
[1.366s] [ 35%] [32mBuilding CXX object CMakeFiles/umx_driver__rosidl_typesupport_fastrtps_c.dir/rosidl_typesupport_fastrtps_c/umx_driver/srv/detail/um7_reset__type_support_c.cpp.o[0m
[1.385s] [ 36%] [32mBuilding C object CMakeFiles/umx_driver__rosidl_typesupport_introspection_c.dir/rosidl_typesupport_introspection_c/umx_driver/srv/detail/um6_reset__type_support.c.o[0m
[1.388s] [ 38%] [32m[1mLinking CXX shared library libumx_driver__rosidl_typesupport_introspection_cpp.so[0m
[1.412s] [ 40%] [32mBuilding C object CMakeFiles/umx_driver__rosidl_typesupport_introspection_c.dir/rosidl_typesupport_introspection_c/umx_driver/srv/detail/um7_reset__type_support.c.o[0m
[1.414s] [ 40%] Built target umx_driver__rosidl_typesupport_introspection_cpp
[1.426s] [ 41%] [32mBuilding CXX object CMakeFiles/um6_driver.dir/src/um6_driver.cpp.o[0m
[1.434s] [ 43%] [32m[1mLinking CXX shared library libumx_driver__rosidl_typesupport_fastrtps_cpp.so[0m
[1.436s] [ 44%] [32m[1mLinking C shared library libumx_driver__rosidl_typesupport_introspection_c.so[0m
[1.465s] [ 44%] Built target umx_driver__rosidl_typesupport_introspection_c
[1.478s] [ 46%] [32mBuilding CXX object CMakeFiles/um7_driver.dir/src/um7_driver.cpp.o[0m
[1.494s] [ 46%] Built target umx_driver__rosidl_typesupport_fastrtps_cpp
[1.498s] [ 47%] [32mBuilding CXX object CMakeFiles/um7_driver.dir/src/um7_registers.cpp.o[0m
[1.502s] [ 49%] [32mBuilding CXX object CMakeFiles/umx_driver__rosidl_typesupport_c.dir/rosidl_typesupport_c/umx_driver/srv/um6_reset__type_support.cpp.o[0m
[1.526s] [ 50%] [32mBuilding CXX object CMakeFiles/umx_driver__rosidl_typesupport_c.dir/rosidl_typesupport_c/umx_driver/srv/um7_reset__type_support.cpp.o[0m
[1.549s] [ 52%] [32m[1mLinking CXX shared library libumx_driver__rosidl_typesupport_c.so[0m
[1.582s] [ 53%] [32m[1mLinking CXX shared library libumx_driver__rosidl_typesupport_fastrtps_c.so[0m
[1.589s] [ 53%] Built target umx_driver__rosidl_typesupport_c
[1.595s] [ 55%] [32mBuilding CXX object CMakeFiles/um7_driver.dir/src/um7_comms.cpp.o[0m
[1.631s] [ 55%] Built target umx_driver__rosidl_typesupport_fastrtps_c
[1.643s] [ 55%] Built target umx_driver
[1.658s] [ 56%] [34m[1mGenerating Python code for ROS interfaces[0m
[1.699s] [ 58%] [32mBuilding CXX object CMakeFiles/um6_driver.dir/src/um6_registers.cpp.o[0m
[1.932s] [ 60%] [32mBuilding CXX object CMakeFiles/um6_driver.dir/src/um6_comms.cpp.o[0m
[2.082s] [ 60%] Built target umx_driver__py
[2.094s] [ 61%] [32mBuilding C object CMakeFiles/umx_driver__rosidl_generator_py.dir/rosidl_generator_py/umx_driver/srv/_um6_reset_s.c.o[0m
[2.449s] [ 63%] [32mBuilding C object CMakeFiles/umx_driver__rosidl_generator_py.dir/rosidl_generator_py/umx_driver/srv/_um7_reset_s.c.o[0m
[2.727s] [ 64%] [32m[1mLinking C shared library rosidl_generator_py/umx_driver/libumx_driver__rosidl_generator_py.so[0m
[2.851s] [ 64%] Built target umx_driver__rosidl_generator_py
[2.892s] [ 66%] [32mBuilding C object CMakeFiles/umx_driver__rosidl_typesupport_fastrtps_c__pyext.dir/rosidl_generator_py/umx_driver/_umx_driver_s.ep.rosidl_typesupport_fastrtps_c.c.o[0m
[3.089s] [ 67%] [32m[1mLinking C shared library rosidl_generator_py/umx_driver/umx_driver_s__rosidl_typesupport_fastrtps_c.cpython-310-aarch64-linux-gnu.so[0m
[3.173s] [ 67%] Built target umx_driver__rosidl_typesupport_fastrtps_c__pyext
[3.215s] [ 69%] [32mBuilding C object CMakeFiles/umx_driver__rosidl_typesupport_introspection_c__pyext.dir/rosidl_generator_py/umx_driver/_umx_driver_s.ep.rosidl_typesupport_introspection_c.c.o[0m
[3.292s] [ 70%] [32m[1mLinking C shared library rosidl_generator_py/umx_driver/umx_driver_s__rosidl_typesupport_introspection_c.cpython-310-aarch64-linux-gnu.so[0m
[3.317s] [ 70%] Built target umx_driver__rosidl_typesupport_introspection_c__pyext
[3.331s] [ 72%] [32mBuilding C object CMakeFiles/umx_driver__rosidl_typesupport_c__pyext.dir/rosidl_generator_py/umx_driver/_umx_driver_s.ep.rosidl_typesupport_c.c.o[0m
[3.378s] [ 73%] [32m[1mLinking CXX static library libgtest.a[0m
[3.412s] [ 75%] [32m[1mLinking C shared library rosidl_generator_py/umx_driver/umx_driver_s__rosidl_typesupport_c.cpython-310-aarch64-linux-gnu.so[0m
[3.424s] [ 75%] Built target gtest
[3.457s] [ 75%] Built target umx_driver__rosidl_typesupport_c__pyext
[3.462s] [ 76%] [32mBuilding CXX object CMakeFiles/um6_comms_test.dir/test/um6_test_comms.cpp.o[0m
[3.506s] [ 78%] [32mBuilding CXX object CMakeFiles/um6_register_test.dir/test/um6_test_registers.cpp.o[0m
[6.485s] [ 80%] [32mBuilding CXX object CMakeFiles/um6_register_test.dir/src/um6_registers.cpp.o[0m
[7.192s] [ 81%] [32mBuilding CXX object CMakeFiles/um6_comms_test.dir/src/um6_registers.cpp.o[0m
[7.225s] [ 83%] [32mBuilding CXX object CMakeFiles/um7_comms_test.dir/test/um7_test_comms.cpp.o[0m
[7.274s] [ 84%] [32m[1mLinking CXX executable um6_register_test[0m
[7.455s] [ 86%] [32mBuilding CXX object CMakeFiles/um6_comms_test.dir/src/um6_comms.cpp.o[0m
[7.527s] [ 86%] Built target um6_register_test
[7.558s] [ 87%] [32mBuilding CXX object CMakeFiles/um7_register_test.dir/test/um7_test_registers.cpp.o[0m
[9.136s] [ 89%] [32mBuilding CXX object CMakeFiles/um7_register_test.dir/src/um7_registers.cpp.o[0m
[9.691s] [ 90%] [32m[1mLinking CXX executable um7_register_test[0m
[9.981s] [ 90%] Built target um7_register_test
[9.989s] [ 92%] [32mBuilding CXX object CMakeFiles/um7_comms_test.dir/src/um7_registers.cpp.o[0m
[10.285s] [ 93%] [32mBuilding CXX object CMakeFiles/um7_comms_test.dir/src/um7_comms.cpp.o[0m
[10.384s] [ 95%] [32m[1mLinking CXX executable um6_driver[0m
[10.517s] [ 96%] [32m[1mLinking CXX executable um7_driver[0m
[10.833s] [ 96%] Built target um7_driver
[10.860s] [ 96%] Built target um6_driver
[11.208s] [ 98%] [32m[1mLinking CXX executable um6_comms_test[0m
[11.351s] [ 98%] Built target um6_comms_test
[12.568s] [100%] [32m[1mLinking CXX executable um7_comms_test[0m
[12.694s] [100%] Built target um7_comms_test
[12.728s] Invoked command in '/home/songsong/gps_imu_ws/build/umx_driver' returned '0': CMAKE_PREFIX_PATH=/home/songsong/gps_imu_ws/install/serial:/home/songsong/gps_imu_ws/install/imu_gps_sync_cmake:/home/songsong/gps_imu_ws/install/umx_driver:/home/songsong/gps_imu_ws/install/imu_gps_sync_py:/opt/ros/humble /usr/bin/cmake --build /home/songsong/gps_imu_ws/build/umx_driver -- -j6 -l6
[12.740s] Invoking command in '/home/songsong/gps_imu_ws/build/umx_driver': CMAKE_PREFIX_PATH=/home/songsong/gps_imu_ws/install/serial:/home/songsong/gps_imu_ws/install/imu_gps_sync_cmake:/home/songsong/gps_imu_ws/install/umx_driver:/home/songsong/gps_imu_ws/install/imu_gps_sync_py:/opt/ros/humble /usr/bin/cmake --install /home/songsong/gps_imu_ws/build/umx_driver
[12.744s] -- Install configuration: ""
[12.746s] -- Installing: /home/songsong/gps_imu_ws/install/umx_driver/share/ament_index/resource_index/rosidl_interfaces/umx_driver
[12.747s] -- Installing: /home/songsong/gps_imu_ws/install/umx_driver/include/umx_driver/umx_driver
[12.748s] -- Installing: /home/songsong/gps_imu_ws/install/umx_driver/include/umx_driver/umx_driver/srv
[12.748s] -- Installing: /home/songsong/gps_imu_ws/install/umx_driver/include/umx_driver/umx_driver/srv/um7_reset.h
[12.749s] -- Installing: /home/songsong/gps_imu_ws/install/umx_driver/include/umx_driver/umx_driver/srv/detail
[12.749s] -- Installing: /home/songsong/gps_imu_ws/install/umx_driver/include/umx_driver/umx_driver/srv/detail/um7_reset__functions.c
[12.749s] -- Installing: /home/songsong/gps_imu_ws/install/umx_driver/include/umx_driver/umx_driver/srv/detail/um7_reset__type_support.h
[12.750s] -- Installing: /home/songsong/gps_imu_ws/install/umx_driver/include/umx_driver/umx_driver/srv/detail/um6_reset__functions.c
[12.750s] -- Installing: /home/songsong/gps_imu_ws/install/umx_driver/include/umx_driver/umx_driver/srv/detail/um6_reset__struct.h
[12.750s] -- Installing: /home/songsong/gps_imu_ws/install/umx_driver/include/umx_driver/umx_driver/srv/detail/um7_reset__struct.h
[12.751s] -- Installing: /home/songsong/gps_imu_ws/install/umx_driver/include/umx_driver/umx_driver/srv/detail/um6_reset__functions.h
[12.751s] -- Installing: /home/songsong/gps_imu_ws/install/umx_driver/include/umx_driver/umx_driver/srv/detail/um6_reset__type_support.h
[12.752s] -- Installing: /home/songsong/gps_imu_ws/install/umx_driver/include/umx_driver/umx_driver/srv/detail/um7_reset__functions.h
[12.752s] -- Installing: /home/songsong/gps_imu_ws/install/umx_driver/include/umx_driver/umx_driver/srv/um6_reset.h
[12.752s] -- Installing: /home/songsong/gps_imu_ws/install/umx_driver/include/umx_driver/umx_driver/msg
[12.752s] -- Installing: /home/songsong/gps_imu_ws/install/umx_driver/include/umx_driver/umx_driver/msg/rosidl_generator_c__visibility_control.h
[12.755s] -- Installing: /home/songsong/gps_imu_ws/install/umx_driver/share/umx_driver/environment/library_path.sh
[12.756s] -- Installing: /home/songsong/gps_imu_ws/install/umx_driver/share/umx_driver/environment/library_path.dsv
[12.757s] -- Installing: /home/songsong/gps_imu_ws/install/umx_driver/lib/libumx_driver__rosidl_generator_c.so
[12.758s] -- Set runtime path of "/home/songsong/gps_imu_ws/install/umx_driver/lib/libumx_driver__rosidl_generator_c.so" to ""
[12.758s] -- Up-to-date: /home/songsong/gps_imu_ws/install/umx_driver/include/umx_driver/umx_driver
[12.759s] -- Up-to-date: /home/songsong/gps_imu_ws/install/umx_driver/include/umx_driver/umx_driver/srv
[12.759s] -- Up-to-date: /home/songsong/gps_imu_ws/install/umx_driver/include/umx_driver/umx_driver/srv/detail
[12.760s] -- Installing: /home/songsong/gps_imu_ws/install/umx_driver/include/umx_driver/umx_driver/srv/detail/um7_reset__rosidl_typesupport_fastrtps_c.h
[12.760s] -- Installing: /home/songsong/gps_imu_ws/install/umx_driver/include/umx_driver/umx_driver/srv/detail/um6_reset__rosidl_typesupport_fastrtps_c.h
[12.760s] -- Up-to-date: /home/songsong/gps_imu_ws/install/umx_driver/include/umx_driver/umx_driver/msg
[12.760s] -- Installing: /home/songsong/gps_imu_ws/install/umx_driver/include/umx_driver/umx_driver/msg/rosidl_typesupport_fastrtps_c__visibility_control.h
[12.761s] -- Installing: /home/songsong/gps_imu_ws/install/umx_driver/lib/libumx_driver__rosidl_typesupport_fastrtps_c.so
[12.761s] -- Set runtime path of "/home/songsong/gps_imu_ws/install/umx_driver/lib/libumx_driver__rosidl_typesupport_fastrtps_c.so" to ""
[12.762s] -- Up-to-date: /home/songsong/gps_imu_ws/install/umx_driver/include/umx_driver/umx_driver
[12.762s] -- Up-to-date: /home/songsong/gps_imu_ws/install/umx_driver/include/umx_driver/umx_driver/srv
[12.762s] -- Installing: /home/songsong/gps_imu_ws/install/umx_driver/include/umx_driver/umx_driver/srv/um7_reset.hpp
[12.763s] -- Installing: /home/songsong/gps_imu_ws/install/umx_driver/include/umx_driver/umx_driver/srv/um6_reset.hpp
[12.763s] -- Up-to-date: /home/songsong/gps_imu_ws/install/umx_driver/include/umx_driver/umx_driver/srv/detail
[12.764s] -- Installing: /home/songsong/gps_imu_ws/install/umx_driver/include/umx_driver/umx_driver/srv/detail/um6_reset__struct.hpp
[12.764s] -- Installing: /home/songsong/gps_imu_ws/install/umx_driver/include/umx_driver/umx_driver/srv/detail/um6_reset__traits.hpp
[12.764s] -- Installing: /home/songsong/gps_imu_ws/install/umx_driver/include/umx_driver/umx_driver/srv/detail/um6_reset__builder.hpp
[12.764s] -- Installing: /home/songsong/gps_imu_ws/install/umx_driver/include/umx_driver/umx_driver/srv/detail/um7_reset__traits.hpp
[12.765s] -- Installing: /home/songsong/gps_imu_ws/install/umx_driver/include/umx_driver/umx_driver/srv/detail/um7_reset__builder.hpp
[12.765s] -- Installing: /home/songsong/gps_imu_ws/install/umx_driver/include/umx_driver/umx_driver/srv/detail/um6_reset__type_support.hpp
[12.765s] -- Installing: /home/songsong/gps_imu_ws/install/umx_driver/include/umx_driver/umx_driver/srv/detail/um7_reset__type_support.hpp
[12.765s] -- Installing: /home/songsong/gps_imu_ws/install/umx_driver/include/umx_driver/umx_driver/srv/detail/um7_reset__struct.hpp
[12.766s] -- Up-to-date: /home/songsong/gps_imu_ws/install/umx_driver/include/umx_driver/umx_driver/msg
[12.768s] -- Installing: /home/songsong/gps_imu_ws/install/umx_driver/include/umx_driver/umx_driver/msg/rosidl_generator_cpp__visibility_control.hpp
[12.769s] -- Up-to-date: /home/songsong/gps_imu_ws/install/umx_driver/include/umx_driver/umx_driver
[12.769s] -- Up-to-date: /home/songsong/gps_imu_ws/install/umx_driver/include/umx_driver/umx_driver/srv
[12.770s] -- Up-to-date: /home/songsong/gps_imu_ws/install/umx_driver/include/umx_driver/umx_driver/srv/detail
[12.770s] -- Installing: /home/songsong/gps_imu_ws/install/umx_driver/include/umx_driver/umx_driver/srv/detail/dds_fastrtps
[12.771s] -- Installing: /home/songsong/gps_imu_ws/install/umx_driver/include/umx_driver/umx_driver/srv/detail/um6_reset__rosidl_typesupport_fastrtps_cpp.hpp
[12.771s] -- Installing: /home/songsong/gps_imu_ws/install/umx_driver/include/umx_driver/umx_driver/srv/detail/um7_reset__rosidl_typesupport_fastrtps_cpp.hpp
[12.771s] -- Up-to-date: /home/songsong/gps_imu_ws/install/umx_driver/include/umx_driver/umx_driver/msg
[12.772s] -- Installing: /home/songsong/gps_imu_ws/install/umx_driver/include/umx_driver/umx_driver/msg/rosidl_typesupport_fastrtps_cpp__visibility_control.h
[12.772s] -- Installing: /home/songsong/gps_imu_ws/install/umx_driver/lib/libumx_driver__rosidl_typesupport_fastrtps_cpp.so
[12.774s] -- Set runtime path of "/home/songsong/gps_imu_ws/install/umx_driver/lib/libumx_driver__rosidl_typesupport_fastrtps_cpp.so" to ""
[12.775s] -- Up-to-date: /home/songsong/gps_imu_ws/install/umx_driver/include/umx_driver/umx_driver
[12.775s] -- Up-to-date: /home/songsong/gps_imu_ws/install/umx_driver/include/umx_driver/umx_driver/srv
[12.775s] -- Up-to-date: /home/songsong/gps_imu_ws/install/umx_driver/include/umx_driver/umx_driver/srv/detail
[12.775s] -- Installing: /home/songsong/gps_imu_ws/install/umx_driver/include/umx_driver/umx_driver/srv/detail/um7_reset__type_support.c
[12.776s] -- Installing: /home/songsong/gps_imu_ws/install/umx_driver/include/umx_driver/umx_driver/srv/detail/um7_reset__rosidl_typesupport_introspection_c.h
[12.776s] -- Installing: /home/songsong/gps_imu_ws/install/umx_driver/include/umx_driver/umx_driver/srv/detail/um6_reset__type_support.c
[12.776s] -- Installing: /home/songsong/gps_imu_ws/install/umx_driver/include/umx_driver/umx_driver/srv/detail/um6_reset__rosidl_typesupport_introspection_c.h
[12.777s] -- Up-to-date: /home/songsong/gps_imu_ws/install/umx_driver/include/umx_driver/umx_driver/msg
[12.777s] -- Installing: /home/songsong/gps_imu_ws/install/umx_driver/include/umx_driver/umx_driver/msg/rosidl_typesupport_introspection_c__visibility_control.h
[12.777s] -- Installing: /home/songsong/gps_imu_ws/install/umx_driver/lib/libumx_driver__rosidl_typesupport_introspection_c.so
[12.778s] -- Set runtime path of "/home/songsong/gps_imu_ws/install/umx_driver/lib/libumx_driver__rosidl_typesupport_introspection_c.so" to ""
[12.778s] -- Installing: /home/songsong/gps_imu_ws/install/umx_driver/lib/libumx_driver__rosidl_typesupport_c.so
[12.781s] -- Set runtime path of "/home/songsong/gps_imu_ws/install/umx_driver/lib/libumx_driver__rosidl_typesupport_c.so" to ""
[12.781s] -- Up-to-date: /home/songsong/gps_imu_ws/install/umx_driver/include/umx_driver/umx_driver
[12.781s] -- Up-to-date: /home/songsong/gps_imu_ws/install/umx_driver/include/umx_driver/umx_driver/srv
[12.781s] -- Up-to-date: /home/songsong/gps_imu_ws/install/umx_driver/include/umx_driver/umx_driver/srv/detail
[12.781s] -- Installing: /home/songsong/gps_imu_ws/install/umx_driver/include/umx_driver/umx_driver/srv/detail/um6_reset__type_support.cpp
[12.781s] -- Installing: /home/songsong/gps_imu_ws/install/umx_driver/include/umx_driver/umx_driver/srv/detail/um6_reset__rosidl_typesupport_introspection_cpp.hpp
[12.782s] -- Installing: /home/songsong/gps_imu_ws/install/umx_driver/include/umx_driver/umx_driver/srv/detail/um7_reset__rosidl_typesupport_introspection_cpp.hpp
[12.782s] -- Installing: /home/songsong/gps_imu_ws/install/umx_driver/include/umx_driver/umx_driver/srv/detail/um7_reset__type_support.cpp
[12.782s] -- Installing: /home/songsong/gps_imu_ws/install/umx_driver/lib/libumx_driver__rosidl_typesupport_introspection_cpp.so
[12.783s] -- Set runtime path of "/home/songsong/gps_imu_ws/install/umx_driver/lib/libumx_driver__rosidl_typesupport_introspection_cpp.so" to ""
[12.783s] -- Installing: /home/songsong/gps_imu_ws/install/umx_driver/lib/libumx_driver__rosidl_typesupport_cpp.so
[12.783s] -- Set runtime path of "/home/songsong/gps_imu_ws/install/umx_driver/lib/libumx_driver__rosidl_typesupport_cpp.so" to ""
[12.783s] -- Installing: /home/songsong/gps_imu_ws/install/umx_driver/share/umx_driver/environment/pythonpath.sh
[12.784s] -- Installing: /home/songsong/gps_imu_ws/install/umx_driver/share/umx_driver/environment/pythonpath.dsv
[12.784s] -- Installing: /home/songsong/gps_imu_ws/install/umx_driver/local/lib/python3.10/dist-packages/umx_driver-1.0.1-py3.10.egg-info
[12.785s] -- Installing: /home/songsong/gps_imu_ws/install/umx_driver/local/lib/python3.10/dist-packages/umx_driver-1.0.1-py3.10.egg-info/PKG-INFO
[12.785s] -- Installing: /home/songsong/gps_imu_ws/install/umx_driver/local/lib/python3.10/dist-packages/umx_driver-1.0.1-py3.10.egg-info/dependency_links.txt
[12.786s] -- Installing: /home/songsong/gps_imu_ws/install/umx_driver/local/lib/python3.10/dist-packages/umx_driver-1.0.1-py3.10.egg-info/SOURCES.txt
[12.786s] -- Installing: /home/songsong/gps_imu_ws/install/umx_driver/local/lib/python3.10/dist-packages/umx_driver-1.0.1-py3.10.egg-info/top_level.txt
[12.787s] -- Installing: /home/songsong/gps_imu_ws/install/umx_driver/local/lib/python3.10/dist-packages/umx_driver
[12.787s] -- Installing: /home/songsong/gps_imu_ws/install/umx_driver/local/lib/python3.10/dist-packages/umx_driver/libumx_driver__rosidl_generator_py.so
[12.788s] -- Installing: /home/songsong/gps_imu_ws/install/umx_driver/local/lib/python3.10/dist-packages/umx_driver/_umx_driver_s.ep.rosidl_typesupport_fastrtps_c.c
[12.788s] -- Installing: /home/songsong/gps_imu_ws/install/umx_driver/local/lib/python3.10/dist-packages/umx_driver/_umx_driver_s.ep.rosidl_typesupport_introspection_c.c
[12.788s] -- Installing: /home/songsong/gps_imu_ws/install/umx_driver/local/lib/python3.10/dist-packages/umx_driver/umx_driver_s__rosidl_typesupport_fastrtps_c.cpython-310-aarch64-linux-gnu.so
[12.789s] -- Installing: /home/songsong/gps_imu_ws/install/umx_driver/local/lib/python3.10/dist-packages/umx_driver/umx_driver_s__rosidl_typesupport_c.cpython-310-aarch64-linux-gnu.so
[12.789s] -- Installing: /home/songsong/gps_imu_ws/install/umx_driver/local/lib/python3.10/dist-packages/umx_driver/umx_driver_s__rosidl_typesupport_introspection_c.cpython-310-aarch64-linux-gnu.so
[12.789s] -- Installing: /home/songsong/gps_imu_ws/install/umx_driver/local/lib/python3.10/dist-packages/umx_driver/srv
[12.790s] -- Installing: /home/songsong/gps_imu_ws/install/umx_driver/local/lib/python3.10/dist-packages/umx_driver/srv/_um6_reset_s.c
[12.790s] -- Installing: /home/songsong/gps_imu_ws/install/umx_driver/local/lib/python3.10/dist-packages/umx_driver/srv/_um6_reset.py
[12.790s] -- Installing: /home/songsong/gps_imu_ws/install/umx_driver/local/lib/python3.10/dist-packages/umx_driver/srv/_um7_reset_s.c
[12.791s] -- Installing: /home/songsong/gps_imu_ws/install/umx_driver/local/lib/python3.10/dist-packages/umx_driver/srv/_um7_reset.py
[12.791s] -- Installing: /home/songsong/gps_imu_ws/install/umx_driver/local/lib/python3.10/dist-packages/umx_driver/srv/__init__.py
[12.792s] -- Installing: /home/songsong/gps_imu_ws/install/umx_driver/local/lib/python3.10/dist-packages/umx_driver/_umx_driver_s.ep.rosidl_typesupport_c.c
[12.792s] -- Installing: /home/songsong/gps_imu_ws/install/umx_driver/local/lib/python3.10/dist-packages/umx_driver/__init__.py
[12.848s] Listing '/home/songsong/gps_imu_ws/install/umx_driver/local/lib/python3.10/dist-packages/umx_driver'...
[12.848s] Compiling '/home/songsong/gps_imu_ws/install/umx_driver/local/lib/python3.10/dist-packages/umx_driver/__init__.py'...
[12.848s] Listing '/home/songsong/gps_imu_ws/install/umx_driver/local/lib/python3.10/dist-packages/umx_driver/srv'...
[12.849s] Compiling '/home/songsong/gps_imu_ws/install/umx_driver/local/lib/python3.10/dist-packages/umx_driver/srv/__init__.py'...
[12.849s] Compiling '/home/songsong/gps_imu_ws/install/umx_driver/local/lib/python3.10/dist-packages/umx_driver/srv/_um6_reset.py'...
[12.849s] Compiling '/home/songsong/gps_imu_ws/install/umx_driver/local/lib/python3.10/dist-packages/umx_driver/srv/_um7_reset.py'...
[12.852s] -- Installing: /home/songsong/gps_imu_ws/install/umx_driver/local/lib/python3.10/dist-packages/umx_driver/umx_driver_s__rosidl_typesupport_fastrtps_c.cpython-310-aarch64-linux-gnu.so
[12.852s] -- Set runtime path of "/home/songsong/gps_imu_ws/install/umx_driver/local/lib/python3.10/dist-packages/umx_driver/umx_driver_s__rosidl_typesupport_fastrtps_c.cpython-310-aarch64-linux-gnu.so" to ""
[12.852s] -- Installing: /home/songsong/gps_imu_ws/install/umx_driver/local/lib/python3.10/dist-packages/umx_driver/umx_driver_s__rosidl_typesupport_introspection_c.cpython-310-aarch64-linux-gnu.so
[12.853s] -- Set runtime path of "/home/songsong/gps_imu_ws/install/umx_driver/local/lib/python3.10/dist-packages/umx_driver/umx_driver_s__rosidl_typesupport_introspection_c.cpython-310-aarch64-linux-gnu.so" to ""
[12.853s] -- Installing: /home/songsong/gps_imu_ws/install/umx_driver/local/lib/python3.10/dist-packages/umx_driver/umx_driver_s__rosidl_typesupport_c.cpython-310-aarch64-linux-gnu.so
[12.853s] -- Set runtime path of "/home/songsong/gps_imu_ws/install/umx_driver/local/lib/python3.10/dist-packages/umx_driver/umx_driver_s__rosidl_typesupport_c.cpython-310-aarch64-linux-gnu.so" to ""
[12.853s] -- Installing: /home/songsong/gps_imu_ws/install/umx_driver/lib/libumx_driver__rosidl_generator_py.so
[12.854s] -- Set runtime path of "/home/songsong/gps_imu_ws/install/umx_driver/lib/libumx_driver__rosidl_generator_py.so" to ""
[12.855s] -- Installing: /home/songsong/gps_imu_ws/install/umx_driver/share/umx_driver/srv/Um6Reset.idl
[12.855s] -- Installing: /home/songsong/gps_imu_ws/install/umx_driver/share/umx_driver/srv/Um7Reset.idl
[12.856s] -- Installing: /home/songsong/gps_imu_ws/install/umx_driver/share/umx_driver/srv/Um6Reset.srv
[12.858s] -- Installing: /home/songsong/gps_imu_ws/install/umx_driver/share/umx_driver/srv/Um6Reset_Request.msg
[12.859s] -- Installing: /home/songsong/gps_imu_ws/install/umx_driver/share/umx_driver/srv/Um6Reset_Response.msg
[12.859s] -- Installing: /home/songsong/gps_imu_ws/install/umx_driver/share/umx_driver/srv/Um7Reset.srv
[12.861s] -- Installing: /home/songsong/gps_imu_ws/install/umx_driver/share/umx_driver/srv/Um7Reset_Request.msg
[12.861s] -- Installing: /home/songsong/gps_imu_ws/install/umx_driver/share/umx_driver/srv/Um7Reset_Response.msg
[12.862s] -- Installing: /home/songsong/gps_imu_ws/install/umx_driver/lib/umx_driver/um6_driver
[12.864s] -- Set runtime path of "/home/songsong/gps_imu_ws/install/umx_driver/lib/umx_driver/um6_driver" to ""
[12.864s] -- Installing: /home/songsong/gps_imu_ws/install/umx_driver/lib/umx_driver/um7_driver
[12.866s] -- Set runtime path of "/home/songsong/gps_imu_ws/install/umx_driver/lib/umx_driver/um7_driver" to ""
[12.866s] -- Installing: /home/songsong/gps_imu_ws/install/umx_driver/test/umx_driver/um6_comms_test
[12.867s] -- Set runtime path of "/home/songsong/gps_imu_ws/install/umx_driver/test/umx_driver/um6_comms_test" to ""
[12.867s] -- Installing: /home/songsong/gps_imu_ws/install/umx_driver/test/umx_driver/um6_register_test
[12.868s] -- Set runtime path of "/home/songsong/gps_imu_ws/install/umx_driver/test/umx_driver/um6_register_test" to ""
[12.868s] -- Installing: /home/songsong/gps_imu_ws/install/umx_driver/test/umx_driver/um7_comms_test
[12.869s] -- Set runtime path of "/home/songsong/gps_imu_ws/install/umx_driver/test/umx_driver/um7_comms_test" to ""
[12.869s] -- Installing: /home/songsong/gps_imu_ws/install/umx_driver/test/umx_driver/um7_register_test
[12.870s] -- Set runtime path of "/home/songsong/gps_imu_ws/install/umx_driver/test/umx_driver/um7_register_test" to ""
[12.872s] -- Installing: /home/songsong/gps_imu_ws/install/umx_driver/share/ament_index/resource_index/package_run_dependencies/umx_driver
[12.872s] -- Installing: /home/songsong/gps_imu_ws/install/umx_driver/share/ament_index/resource_index/parent_prefix_path/umx_driver
[12.876s] -- Installing: /home/songsong/gps_imu_ws/install/umx_driver/share/umx_driver/environment/ament_prefix_path.sh
[12.877s] -- Installing: /home/songsong/gps_imu_ws/install/umx_driver/share/umx_driver/environment/ament_prefix_path.dsv
[12.877s] -- Installing: /home/songsong/gps_imu_ws/install/umx_driver/share/umx_driver/environment/path.sh
[12.877s] -- Installing: /home/songsong/gps_imu_ws/install/umx_driver/share/umx_driver/environment/path.dsv
[12.877s] -- Installing: /home/songsong/gps_imu_ws/install/umx_driver/share/umx_driver/local_setup.bash
[12.878s] -- Installing: /home/songsong/gps_imu_ws/install/umx_driver/share/umx_driver/local_setup.sh
[12.878s] -- Installing: /home/songsong/gps_imu_ws/install/umx_driver/share/umx_driver/local_setup.zsh
[12.879s] -- Installing: /home/songsong/gps_imu_ws/install/umx_driver/share/umx_driver/local_setup.dsv
[12.879s] -- Installing: /home/songsong/gps_imu_ws/install/umx_driver/share/umx_driver/package.dsv
[12.880s] -- Installing: /home/songsong/gps_imu_ws/install/umx_driver/share/ament_index/resource_index/packages/umx_driver
[12.880s] -- Installing: /home/songsong/gps_imu_ws/install/umx_driver/share/umx_driver/cmake/export_umx_driver__rosidl_generator_cExport.cmake
[12.881s] -- Installing: /home/songsong/gps_imu_ws/install/umx_driver/share/umx_driver/cmake/export_umx_driver__rosidl_generator_cExport-noconfig.cmake
[12.881s] -- Installing: /home/songsong/gps_imu_ws/install/umx_driver/share/umx_driver/cmake/export_umx_driver__rosidl_typesupport_fastrtps_cExport.cmake
[12.881s] -- Installing: /home/songsong/gps_imu_ws/install/umx_driver/share/umx_driver/cmake/export_umx_driver__rosidl_typesupport_fastrtps_cExport-noconfig.cmake
[12.882s] -- Installing: /home/songsong/gps_imu_ws/install/umx_driver/share/umx_driver/cmake/export_umx_driver__rosidl_generator_cppExport.cmake
[12.882s] -- Installing: /home/songsong/gps_imu_ws/install/umx_driver/share/umx_driver/cmake/export_umx_driver__rosidl_typesupport_fastrtps_cppExport.cmake
[12.883s] -- Installing: /home/songsong/gps_imu_ws/install/umx_driver/share/umx_driver/cmake/export_umx_driver__rosidl_typesupport_fastrtps_cppExport-noconfig.cmake
[12.883s] -- Installing: /home/songsong/gps_imu_ws/install/umx_driver/share/umx_driver/cmake/umx_driver__rosidl_typesupport_introspection_cExport.cmake
[12.884s] -- Installing: /home/songsong/gps_imu_ws/install/umx_driver/share/umx_driver/cmake/umx_driver__rosidl_typesupport_introspection_cExport-noconfig.cmake
[12.884s] -- Installing: /home/songsong/gps_imu_ws/install/umx_driver/share/umx_driver/cmake/umx_driver__rosidl_typesupport_cExport.cmake
[12.884s] -- Installing: /home/songsong/gps_imu_ws/install/umx_driver/share/umx_driver/cmake/umx_driver__rosidl_typesupport_cExport-noconfig.cmake
[12.885s] -- Installing: /home/songsong/gps_imu_ws/install/umx_driver/share/umx_driver/cmake/umx_driver__rosidl_typesupport_introspection_cppExport.cmake
[12.885s] -- Installing: /home/songsong/gps_imu_ws/install/umx_driver/share/umx_driver/cmake/umx_driver__rosidl_typesupport_introspection_cppExport-noconfig.cmake
[12.885s] -- Installing: /home/songsong/gps_imu_ws/install/umx_driver/share/umx_driver/cmake/umx_driver__rosidl_typesupport_cppExport.cmake
[12.886s] -- Installing: /home/songsong/gps_imu_ws/install/umx_driver/share/umx_driver/cmake/umx_driver__rosidl_typesupport_cppExport-noconfig.cmake
[12.886s] -- Installing: /home/songsong/gps_imu_ws/install/umx_driver/share/umx_driver/cmake/export_umx_driver__rosidl_generator_pyExport.cmake
[12.887s] -- Installing: /home/songsong/gps_imu_ws/install/umx_driver/share/umx_driver/cmake/export_umx_driver__rosidl_generator_pyExport-noconfig.cmake
[12.887s] -- Installing: /home/songsong/gps_imu_ws/install/umx_driver/share/umx_driver/cmake/rosidl_cmake-extras.cmake
[12.888s] -- Installing: /home/songsong/gps_imu_ws/install/umx_driver/share/umx_driver/cmake/ament_cmake_export_include_directories-extras.cmake
[12.888s] -- Installing: /home/songsong/gps_imu_ws/install/umx_driver/share/umx_driver/cmake/ament_cmake_export_libraries-extras.cmake
[12.889s] -- Installing: /home/songsong/gps_imu_ws/install/umx_driver/share/umx_driver/cmake/ament_cmake_export_targets-extras.cmake
[12.889s] -- Installing: /home/songsong/gps_imu_ws/install/umx_driver/share/umx_driver/cmake/rosidl_cmake_export_typesupport_targets-extras.cmake
[12.890s] -- Installing: /home/songsong/gps_imu_ws/install/umx_driver/share/umx_driver/cmake/ament_cmake_export_dependencies-extras.cmake
[12.892s] -- Installing: /home/songsong/gps_imu_ws/install/umx_driver/share/umx_driver/cmake/rosidl_cmake_export_typesupport_libraries-extras.cmake
[12.892s] -- Installing: /home/songsong/gps_imu_ws/install/umx_driver/share/umx_driver/cmake/umx_driverConfig.cmake
[12.892s] -- Installing: /home/songsong/gps_imu_ws/install/umx_driver/share/umx_driver/cmake/umx_driverConfig-version.cmake
[12.893s] -- Installing: /home/songsong/gps_imu_ws/install/umx_driver/share/umx_driver/package.xml
[12.897s] Invoked command in '/home/songsong/gps_imu_ws/build/umx_driver' returned '0': CMAKE_PREFIX_PATH=/home/songsong/gps_imu_ws/install/serial:/home/songsong/gps_imu_ws/install/imu_gps_sync_cmake:/home/songsong/gps_imu_ws/install/umx_driver:/home/songsong/gps_imu_ws/install/imu_gps_sync_py:/opt/ros/humble /usr/bin/cmake --install /home/songsong/gps_imu_ws/build/umx_driver
