[0.364s] Invoking command in '/home/songsong/gps_imu_ws/src/gps_imu_fusion_pkg': PYTHONPATH=/home/songsong/gps_imu_ws/build/gps_imu_fusion_pkg/prefix_override:/usr/lib/python3/dist-packages/colcon_core/task/python/colcon_distutils_commands:/home/songsong/gps_imu_ws/install/gps_imu_fusion_pkg/lib/python3.10/site-packages:${PYTHONPATH} /usr/bin/python3 -W ignore:setup.py install is deprecated -W ignore:easy_install command is deprecated setup.py egg_info --egg-base ../../build/gps_imu_fusion_pkg build --build-base /home/songsong/gps_imu_ws/build/gps_imu_fusion_pkg/build install --record /home/songsong/gps_imu_ws/build/gps_imu_fusion_pkg/install.log --single-version-externally-managed install_data
[0.491s] running egg_info
[0.491s] creating ../../build/gps_imu_fusion_pkg/gps_imu_fusion_pkg.egg-info
[0.492s] writing ../../build/gps_imu_fusion_pkg/gps_imu_fusion_pkg.egg-info/PKG-INFO
[0.492s] writing dependency_links to ../../build/gps_imu_fusion_pkg/gps_imu_fusion_pkg.egg-info/dependency_links.txt
[0.492s] writing entry points to ../../build/gps_imu_fusion_pkg/gps_imu_fusion_pkg.egg-info/entry_points.txt
[0.492s] writing requirements to ../../build/gps_imu_fusion_pkg/gps_imu_fusion_pkg.egg-info/requires.txt
[0.492s] writing top-level names to ../../build/gps_imu_fusion_pkg/gps_imu_fusion_pkg.egg-info/top_level.txt
[0.492s] writing manifest file '../../build/gps_imu_fusion_pkg/gps_imu_fusion_pkg.egg-info/SOURCES.txt'
[0.493s] reading manifest file '../../build/gps_imu_fusion_pkg/gps_imu_fusion_pkg.egg-info/SOURCES.txt'
[0.493s] adding license file 'LICENSE'
[0.494s] writing manifest file '../../build/gps_imu_fusion_pkg/gps_imu_fusion_pkg.egg-info/SOURCES.txt'
[0.494s] running build
[0.494s] running build_py
[0.494s] creating /home/songsong/gps_imu_ws/build/gps_imu_fusion_pkg/build
[0.494s] creating /home/songsong/gps_imu_ws/build/gps_imu_fusion_pkg/build/lib
[0.494s] creating /home/songsong/gps_imu_ws/build/gps_imu_fusion_pkg/build/lib/imu_gps_sync_py
[0.494s] copying imu_gps_sync_py/gps_to_web.py -> /home/songsong/gps_imu_ws/build/gps_imu_fusion_pkg/build/lib/imu_gps_sync_py
[0.494s] copying imu_gps_sync_py/gps_with_grid.py -> /home/songsong/gps_imu_ws/build/gps_imu_fusion_pkg/build/lib/imu_gps_sync_py
[0.495s] copying imu_gps_sync_py/imu_to_csv.py -> /home/songsong/gps_imu_ws/build/gps_imu_fusion_pkg/build/lib/imu_gps_sync_py
[0.495s] copying imu_gps_sync_py/gps_to_point.py -> /home/songsong/gps_imu_ws/build/gps_imu_fusion_pkg/build/lib/imu_gps_sync_py
[0.495s] copying imu_gps_sync_py/gps_imu_sync.py -> /home/songsong/gps_imu_ws/build/gps_imu_fusion_pkg/build/lib/imu_gps_sync_py
[0.495s] copying imu_gps_sync_py/gps_path_pub.py -> /home/songsong/gps_imu_ws/build/gps_imu_fusion_pkg/build/lib/imu_gps_sync_py
[0.495s] copying imu_gps_sync_py/gps_repub.py -> /home/songsong/gps_imu_ws/build/gps_imu_fusion_pkg/build/lib/imu_gps_sync_py
[0.495s] copying imu_gps_sync_py/gps_to_csv.py -> /home/songsong/gps_imu_ws/build/gps_imu_fusion_pkg/build/lib/imu_gps_sync_py
[0.495s] copying imu_gps_sync_py/__init__.py -> /home/songsong/gps_imu_ws/build/gps_imu_fusion_pkg/build/lib/imu_gps_sync_py
[0.495s] copying imu_gps_sync_py/imu_repub.py -> /home/songsong/gps_imu_ws/build/gps_imu_fusion_pkg/build/lib/imu_gps_sync_py
[0.495s] running install
[0.496s] running install_lib
[0.496s] creating /home/songsong/gps_imu_ws/install/gps_imu_fusion_pkg/lib/python3.10/site-packages/imu_gps_sync_py
[0.496s] copying /home/songsong/gps_imu_ws/build/gps_imu_fusion_pkg/build/lib/imu_gps_sync_py/gps_to_web.py -> /home/songsong/gps_imu_ws/install/gps_imu_fusion_pkg/lib/python3.10/site-packages/imu_gps_sync_py
[0.496s] copying /home/songsong/gps_imu_ws/build/gps_imu_fusion_pkg/build/lib/imu_gps_sync_py/gps_with_grid.py -> /home/songsong/gps_imu_ws/install/gps_imu_fusion_pkg/lib/python3.10/site-packages/imu_gps_sync_py
[0.496s] copying /home/songsong/gps_imu_ws/build/gps_imu_fusion_pkg/build/lib/imu_gps_sync_py/imu_to_csv.py -> /home/songsong/gps_imu_ws/install/gps_imu_fusion_pkg/lib/python3.10/site-packages/imu_gps_sync_py
[0.496s] copying /home/songsong/gps_imu_ws/build/gps_imu_fusion_pkg/build/lib/imu_gps_sync_py/gps_to_point.py -> /home/songsong/gps_imu_ws/install/gps_imu_fusion_pkg/lib/python3.10/site-packages/imu_gps_sync_py
[0.496s] copying /home/songsong/gps_imu_ws/build/gps_imu_fusion_pkg/build/lib/imu_gps_sync_py/gps_imu_sync.py -> /home/songsong/gps_imu_ws/install/gps_imu_fusion_pkg/lib/python3.10/site-packages/imu_gps_sync_py
[0.496s] copying /home/songsong/gps_imu_ws/build/gps_imu_fusion_pkg/build/lib/imu_gps_sync_py/gps_path_pub.py -> /home/songsong/gps_imu_ws/install/gps_imu_fusion_pkg/lib/python3.10/site-packages/imu_gps_sync_py
[0.496s] copying /home/songsong/gps_imu_ws/build/gps_imu_fusion_pkg/build/lib/imu_gps_sync_py/gps_repub.py -> /home/songsong/gps_imu_ws/install/gps_imu_fusion_pkg/lib/python3.10/site-packages/imu_gps_sync_py
[0.496s] copying /home/songsong/gps_imu_ws/build/gps_imu_fusion_pkg/build/lib/imu_gps_sync_py/gps_to_csv.py -> /home/songsong/gps_imu_ws/install/gps_imu_fusion_pkg/lib/python3.10/site-packages/imu_gps_sync_py
[0.496s] copying /home/songsong/gps_imu_ws/build/gps_imu_fusion_pkg/build/lib/imu_gps_sync_py/__init__.py -> /home/songsong/gps_imu_ws/install/gps_imu_fusion_pkg/lib/python3.10/site-packages/imu_gps_sync_py
[0.496s] copying /home/songsong/gps_imu_ws/build/gps_imu_fusion_pkg/build/lib/imu_gps_sync_py/imu_repub.py -> /home/songsong/gps_imu_ws/install/gps_imu_fusion_pkg/lib/python3.10/site-packages/imu_gps_sync_py
[0.497s] byte-compiling /home/songsong/gps_imu_ws/install/gps_imu_fusion_pkg/lib/python3.10/site-packages/imu_gps_sync_py/gps_to_web.py to gps_to_web.cpython-310.pyc
[0.497s] byte-compiling /home/songsong/gps_imu_ws/install/gps_imu_fusion_pkg/lib/python3.10/site-packages/imu_gps_sync_py/gps_with_grid.py to gps_with_grid.cpython-310.pyc
[0.498s] byte-compiling /home/songsong/gps_imu_ws/install/gps_imu_fusion_pkg/lib/python3.10/site-packages/imu_gps_sync_py/imu_to_csv.py to imu_to_csv.cpython-310.pyc
[0.498s] byte-compiling /home/songsong/gps_imu_ws/install/gps_imu_fusion_pkg/lib/python3.10/site-packages/imu_gps_sync_py/gps_to_point.py to gps_to_point.cpython-310.pyc
[0.499s] byte-compiling /home/songsong/gps_imu_ws/install/gps_imu_fusion_pkg/lib/python3.10/site-packages/imu_gps_sync_py/gps_imu_sync.py to gps_imu_sync.cpython-310.pyc
[0.499s] byte-compiling /home/songsong/gps_imu_ws/install/gps_imu_fusion_pkg/lib/python3.10/site-packages/imu_gps_sync_py/gps_path_pub.py to gps_path_pub.cpython-310.pyc
[0.499s] byte-compiling /home/songsong/gps_imu_ws/install/gps_imu_fusion_pkg/lib/python3.10/site-packages/imu_gps_sync_py/gps_repub.py to gps_repub.cpython-310.pyc
[0.499s] byte-compiling /home/songsong/gps_imu_ws/install/gps_imu_fusion_pkg/lib/python3.10/site-packages/imu_gps_sync_py/gps_to_csv.py to gps_to_csv.cpython-310.pyc
[0.500s] byte-compiling /home/songsong/gps_imu_ws/install/gps_imu_fusion_pkg/lib/python3.10/site-packages/imu_gps_sync_py/__init__.py to __init__.cpython-310.pyc
[0.500s] byte-compiling /home/songsong/gps_imu_ws/install/gps_imu_fusion_pkg/lib/python3.10/site-packages/imu_gps_sync_py/imu_repub.py to imu_repub.cpython-310.pyc
[0.501s] running install_data
[0.501s] creating /home/songsong/gps_imu_ws/install/gps_imu_fusion_pkg/share/ament_index
[0.501s] creating /home/songsong/gps_imu_ws/install/gps_imu_fusion_pkg/share/ament_index/resource_index
[0.501s] creating /home/songsong/gps_imu_ws/install/gps_imu_fusion_pkg/share/ament_index/resource_index/packages
[0.501s] error: can't copy 'resource/gps_imu_fusion_pkg': doesn't exist or not a regular file
[0.515s] Invoked command in '/home/songsong/gps_imu_ws/src/gps_imu_fusion_pkg' returned '1': PYTHONPATH=/home/songsong/gps_imu_ws/build/gps_imu_fusion_pkg/prefix_override:/usr/lib/python3/dist-packages/colcon_core/task/python/colcon_distutils_commands:/home/songsong/gps_imu_ws/install/gps_imu_fusion_pkg/lib/python3.10/site-packages:${PYTHONPATH} /usr/bin/python3 -W ignore:setup.py install is deprecated -W ignore:easy_install command is deprecated setup.py egg_info --egg-base ../../build/gps_imu_fusion_pkg build --build-base /home/songsong/gps_imu_ws/build/gps_imu_fusion_pkg/build install --record /home/songsong/gps_imu_ws/build/gps_imu_fusion_pkg/install.log --single-version-externally-managed install_data
