[0.198s] DEBUG:colcon:Command line arguments: ['/usr/bin/colcon', 'build']
[0.198s] DEBUG:colcon:Parsed command line arguments: Namespace(log_base=None, log_level=None, verb_name='build', build_base='build', install_base='install', merge_install=False, symlink_install=False, test_result_base=None, continue_on_error=False, executor='parallel', parallel_workers=6, event_handlers=None, ignore_user_meta=False, metas=['./colcon.meta'], base_paths=['.'], packages_ignore=None, packages_ignore_regex=None, paths=None, packages_up_to=None, packages_up_to_regex=None, packages_above=None, packages_above_and_dependencies=None, packages_above_depth=None, packages_select_by_dep=None, packages_skip_by_dep=None, packages_skip_up_to=None, packages_select_build_failed=False, packages_skip_build_finished=False, packages_select_test_failures=False, packages_skip_test_passed=False, packages_select=None, packages_skip=None, packages_select_regex=None, packages_skip_regex=None, packages_start=None, packages_end=None, allow_overriding=[], cmake_args=None, cmake_target=None, cmake_target_skip_unavailable=False, cmake_clean_cache=False, cmake_clean_first=False, cmake_force_configure=False, ament_cmake_args=None, catkin_cmake_args=None, catkin_skip_building_tests=False, mixin_files=None, mixin=None, verb_parser=<colcon_mixin.mixin.mixin_argument.MixinArgumentDecorator object at 0xffffb69a6050>, verb_extension=<colcon_core.verb.build.BuildVerb object at 0xffffb69a5960>, main=<bound method BuildVerb.main of <colcon_core.verb.build.BuildVerb object at 0xffffb69a5960>>, mixin_verb=('build',))
[0.377s] Level 1:colcon.colcon_core.package_discovery:discover_packages(colcon_meta) check parameters
[0.377s] Level 1:colcon.colcon_core.package_discovery:discover_packages(recursive) check parameters
[0.377s] Level 1:colcon.colcon_core.package_discovery:discover_packages(ignore) check parameters
[0.377s] Level 1:colcon.colcon_core.package_discovery:discover_packages(path) check parameters
[0.377s] Level 1:colcon.colcon_core.package_discovery:discover_packages(colcon_meta) discover
[0.377s] Level 1:colcon.colcon_core.package_discovery:discover_packages(recursive) discover
[0.377s] INFO:colcon.colcon_core.package_discovery:Crawling recursively for packages in '/home/songsong/gps_imu_ws'
[0.377s] Level 1:colcon.colcon_core.package_identification:_identify(.) by extensions ['ignore', 'ignore_ament_install']
[0.377s] Level 1:colcon.colcon_core.package_identification:_identify(.) by extension 'ignore'
[0.377s] Level 1:colcon.colcon_core.package_identification:_identify(.) by extension 'ignore_ament_install'
[0.378s] Level 1:colcon.colcon_core.package_identification:_identify(.) by extensions ['colcon_pkg']
[0.378s] Level 1:colcon.colcon_core.package_identification:_identify(.) by extension 'colcon_pkg'
[0.378s] Level 1:colcon.colcon_core.package_identification:_identify(.) by extensions ['colcon_meta']
[0.378s] Level 1:colcon.colcon_core.package_identification:_identify(.) by extension 'colcon_meta'
[0.378s] Level 1:colcon.colcon_core.package_identification:_identify(.) by extensions ['ros']
[0.378s] Level 1:colcon.colcon_core.package_identification:_identify(.) by extension 'ros'
[0.387s] Level 1:colcon.colcon_core.package_identification:_identify(.) by extensions ['cmake', 'python']
[0.387s] Level 1:colcon.colcon_core.package_identification:_identify(.) by extension 'cmake'
[0.387s] Level 1:colcon.colcon_core.package_identification:_identify(.) by extension 'python'
[0.387s] Level 1:colcon.colcon_core.package_identification:_identify(.) by extensions ['python_setup_py']
[0.387s] Level 1:colcon.colcon_core.package_identification:_identify(.) by extension 'python_setup_py'
[0.387s] Level 1:colcon.colcon_core.package_identification:_identify(13_09_16_july) by extensions ['ignore', 'ignore_ament_install']
[0.387s] Level 1:colcon.colcon_core.package_identification:_identify(13_09_16_july) by extension 'ignore'
[0.387s] Level 1:colcon.colcon_core.package_identification:_identify(13_09_16_july) by extension 'ignore_ament_install'
[0.387s] Level 1:colcon.colcon_core.package_identification:_identify(13_09_16_july) by extensions ['colcon_pkg']
[0.387s] Level 1:colcon.colcon_core.package_identification:_identify(13_09_16_july) by extension 'colcon_pkg'
[0.387s] Level 1:colcon.colcon_core.package_identification:_identify(13_09_16_july) by extensions ['colcon_meta']
[0.388s] Level 1:colcon.colcon_core.package_identification:_identify(13_09_16_july) by extension 'colcon_meta'
[0.388s] Level 1:colcon.colcon_core.package_identification:_identify(13_09_16_july) by extensions ['ros']
[0.388s] Level 1:colcon.colcon_core.package_identification:_identify(13_09_16_july) by extension 'ros'
[0.388s] Level 1:colcon.colcon_core.package_identification:_identify(13_09_16_july) by extensions ['cmake', 'python']
[0.388s] Level 1:colcon.colcon_core.package_identification:_identify(13_09_16_july) by extension 'cmake'
[0.388s] Level 1:colcon.colcon_core.package_identification:_identify(13_09_16_july) by extension 'python'
[0.388s] Level 1:colcon.colcon_core.package_identification:_identify(13_09_16_july) by extensions ['python_setup_py']
[0.388s] Level 1:colcon.colcon_core.package_identification:_identify(13_09_16_july) by extension 'python_setup_py'
[0.388s] Level 1:colcon.colcon_core.package_identification:_identify(build) by extensions ['ignore', 'ignore_ament_install']
[0.388s] Level 1:colcon.colcon_core.package_identification:_identify(build) by extension 'ignore'
[0.388s] Level 1:colcon.colcon_core.package_identification:_identify(build) ignored
[0.388s] Level 1:colcon.colcon_core.package_identification:_identify(hill_driving) by extensions ['ignore', 'ignore_ament_install']
[0.388s] Level 1:colcon.colcon_core.package_identification:_identify(hill_driving) by extension 'ignore'
[0.388s] Level 1:colcon.colcon_core.package_identification:_identify(hill_driving) by extension 'ignore_ament_install'
[0.388s] Level 1:colcon.colcon_core.package_identification:_identify(hill_driving) by extensions ['colcon_pkg']
[0.388s] Level 1:colcon.colcon_core.package_identification:_identify(hill_driving) by extension 'colcon_pkg'
[0.388s] Level 1:colcon.colcon_core.package_identification:_identify(hill_driving) by extensions ['colcon_meta']
[0.388s] Level 1:colcon.colcon_core.package_identification:_identify(hill_driving) by extension 'colcon_meta'
[0.388s] Level 1:colcon.colcon_core.package_identification:_identify(hill_driving) by extensions ['ros']
[0.388s] Level 1:colcon.colcon_core.package_identification:_identify(hill_driving) by extension 'ros'
[0.388s] Level 1:colcon.colcon_core.package_identification:_identify(hill_driving) by extensions ['cmake', 'python']
[0.388s] Level 1:colcon.colcon_core.package_identification:_identify(hill_driving) by extension 'cmake'
[0.388s] Level 1:colcon.colcon_core.package_identification:_identify(hill_driving) by extension 'python'
[0.388s] Level 1:colcon.colcon_core.package_identification:_identify(hill_driving) by extensions ['python_setup_py']
[0.388s] Level 1:colcon.colcon_core.package_identification:_identify(hill_driving) by extension 'python_setup_py'
[0.388s] Level 1:colcon.colcon_core.package_identification:_identify(install) by extensions ['ignore', 'ignore_ament_install']
[0.388s] Level 1:colcon.colcon_core.package_identification:_identify(install) by extension 'ignore'
[0.388s] Level 1:colcon.colcon_core.package_identification:_identify(install) ignored
[0.388s] Level 1:colcon.colcon_core.package_identification:_identify(log) by extensions ['ignore', 'ignore_ament_install']
[0.388s] Level 1:colcon.colcon_core.package_identification:_identify(log) by extension 'ignore'
[0.388s] Level 1:colcon.colcon_core.package_identification:_identify(log) ignored
[0.388s] Level 1:colcon.colcon_core.package_identification:_identify(normal_driving) by extensions ['ignore', 'ignore_ament_install']
[0.388s] Level 1:colcon.colcon_core.package_identification:_identify(normal_driving) by extension 'ignore'
[0.389s] Level 1:colcon.colcon_core.package_identification:_identify(normal_driving) by extension 'ignore_ament_install'
[0.389s] Level 1:colcon.colcon_core.package_identification:_identify(normal_driving) by extensions ['colcon_pkg']
[0.389s] Level 1:colcon.colcon_core.package_identification:_identify(normal_driving) by extension 'colcon_pkg'
[0.389s] Level 1:colcon.colcon_core.package_identification:_identify(normal_driving) by extensions ['colcon_meta']
[0.389s] Level 1:colcon.colcon_core.package_identification:_identify(normal_driving) by extension 'colcon_meta'
[0.389s] Level 1:colcon.colcon_core.package_identification:_identify(normal_driving) by extensions ['ros']
[0.389s] Level 1:colcon.colcon_core.package_identification:_identify(normal_driving) by extension 'ros'
[0.389s] Level 1:colcon.colcon_core.package_identification:_identify(normal_driving) by extensions ['cmake', 'python']
[0.389s] Level 1:colcon.colcon_core.package_identification:_identify(normal_driving) by extension 'cmake'
[0.389s] Level 1:colcon.colcon_core.package_identification:_identify(normal_driving) by extension 'python'
[0.389s] Level 1:colcon.colcon_core.package_identification:_identify(normal_driving) by extensions ['python_setup_py']
[0.389s] Level 1:colcon.colcon_core.package_identification:_identify(normal_driving) by extension 'python_setup_py'
[0.389s] Level 1:colcon.colcon_core.package_identification:_identify(rosbag2_2025_07_21-03_46_12) by extensions ['ignore', 'ignore_ament_install']
[0.389s] Level 1:colcon.colcon_core.package_identification:_identify(rosbag2_2025_07_21-03_46_12) by extension 'ignore'
[0.389s] Level 1:colcon.colcon_core.package_identification:_identify(rosbag2_2025_07_21-03_46_12) by extension 'ignore_ament_install'
[0.389s] Level 1:colcon.colcon_core.package_identification:_identify(rosbag2_2025_07_21-03_46_12) by extensions ['colcon_pkg']
[0.389s] Level 1:colcon.colcon_core.package_identification:_identify(rosbag2_2025_07_21-03_46_12) by extension 'colcon_pkg'
[0.389s] Level 1:colcon.colcon_core.package_identification:_identify(rosbag2_2025_07_21-03_46_12) by extensions ['colcon_meta']
[0.389s] Level 1:colcon.colcon_core.package_identification:_identify(rosbag2_2025_07_21-03_46_12) by extension 'colcon_meta'
[0.389s] Level 1:colcon.colcon_core.package_identification:_identify(rosbag2_2025_07_21-03_46_12) by extensions ['ros']
[0.389s] Level 1:colcon.colcon_core.package_identification:_identify(rosbag2_2025_07_21-03_46_12) by extension 'ros'
[0.389s] Level 1:colcon.colcon_core.package_identification:_identify(rosbag2_2025_07_21-03_46_12) by extensions ['cmake', 'python']
[0.389s] Level 1:colcon.colcon_core.package_identification:_identify(rosbag2_2025_07_21-03_46_12) by extension 'cmake'
[0.389s] Level 1:colcon.colcon_core.package_identification:_identify(rosbag2_2025_07_21-03_46_12) by extension 'python'
[0.389s] Level 1:colcon.colcon_core.package_identification:_identify(rosbag2_2025_07_21-03_46_12) by extensions ['python_setup_py']
[0.389s] Level 1:colcon.colcon_core.package_identification:_identify(rosbag2_2025_07_21-03_46_12) by extension 'python_setup_py'
[0.389s] Level 1:colcon.colcon_core.package_identification:_identify(rosbag2_2025_07_21-03_55_51) by extensions ['ignore', 'ignore_ament_install']
[0.389s] Level 1:colcon.colcon_core.package_identification:_identify(rosbag2_2025_07_21-03_55_51) by extension 'ignore'
[0.389s] Level 1:colcon.colcon_core.package_identification:_identify(rosbag2_2025_07_21-03_55_51) by extension 'ignore_ament_install'
[0.389s] Level 1:colcon.colcon_core.package_identification:_identify(rosbag2_2025_07_21-03_55_51) by extensions ['colcon_pkg']
[0.389s] Level 1:colcon.colcon_core.package_identification:_identify(rosbag2_2025_07_21-03_55_51) by extension 'colcon_pkg'
[0.389s] Level 1:colcon.colcon_core.package_identification:_identify(rosbag2_2025_07_21-03_55_51) by extensions ['colcon_meta']
[0.389s] Level 1:colcon.colcon_core.package_identification:_identify(rosbag2_2025_07_21-03_55_51) by extension 'colcon_meta'
[0.389s] Level 1:colcon.colcon_core.package_identification:_identify(rosbag2_2025_07_21-03_55_51) by extensions ['ros']
[0.389s] Level 1:colcon.colcon_core.package_identification:_identify(rosbag2_2025_07_21-03_55_51) by extension 'ros'
[0.389s] Level 1:colcon.colcon_core.package_identification:_identify(rosbag2_2025_07_21-03_55_51) by extensions ['cmake', 'python']
[0.389s] Level 1:colcon.colcon_core.package_identification:_identify(rosbag2_2025_07_21-03_55_51) by extension 'cmake'
[0.389s] Level 1:colcon.colcon_core.package_identification:_identify(rosbag2_2025_07_21-03_55_51) by extension 'python'
[0.389s] Level 1:colcon.colcon_core.package_identification:_identify(rosbag2_2025_07_21-03_55_51) by extensions ['python_setup_py']
[0.389s] Level 1:colcon.colcon_core.package_identification:_identify(rosbag2_2025_07_21-03_55_51) by extension 'python_setup_py'
[0.389s] Level 1:colcon.colcon_core.package_identification:_identify(rosbag2_2025_07_23-14_27_36) by extensions ['ignore', 'ignore_ament_install']
[0.389s] Level 1:colcon.colcon_core.package_identification:_identify(rosbag2_2025_07_23-14_27_36) by extension 'ignore'
[0.389s] Level 1:colcon.colcon_core.package_identification:_identify(rosbag2_2025_07_23-14_27_36) by extension 'ignore_ament_install'
[0.389s] Level 1:colcon.colcon_core.package_identification:_identify(rosbag2_2025_07_23-14_27_36) by extensions ['colcon_pkg']
[0.389s] Level 1:colcon.colcon_core.package_identification:_identify(rosbag2_2025_07_23-14_27_36) by extension 'colcon_pkg'
[0.389s] Level 1:colcon.colcon_core.package_identification:_identify(rosbag2_2025_07_23-14_27_36) by extensions ['colcon_meta']
[0.389s] Level 1:colcon.colcon_core.package_identification:_identify(rosbag2_2025_07_23-14_27_36) by extension 'colcon_meta'
[0.390s] Level 1:colcon.colcon_core.package_identification:_identify(rosbag2_2025_07_23-14_27_36) by extensions ['ros']
[0.390s] Level 1:colcon.colcon_core.package_identification:_identify(rosbag2_2025_07_23-14_27_36) by extension 'ros'
[0.390s] Level 1:colcon.colcon_core.package_identification:_identify(rosbag2_2025_07_23-14_27_36) by extensions ['cmake', 'python']
[0.390s] Level 1:colcon.colcon_core.package_identification:_identify(rosbag2_2025_07_23-14_27_36) by extension 'cmake'
[0.390s] Level 1:colcon.colcon_core.package_identification:_identify(rosbag2_2025_07_23-14_27_36) by extension 'python'
[0.390s] Level 1:colcon.colcon_core.package_identification:_identify(rosbag2_2025_07_23-14_27_36) by extensions ['python_setup_py']
[0.390s] Level 1:colcon.colcon_core.package_identification:_identify(rosbag2_2025_07_23-14_27_36) by extension 'python_setup_py'
[0.390s] Level 1:colcon.colcon_core.package_identification:_identify(rosbag2_2025_07_23-14_32_35) by extensions ['ignore', 'ignore_ament_install']
[0.390s] Level 1:colcon.colcon_core.package_identification:_identify(rosbag2_2025_07_23-14_32_35) by extension 'ignore'
[0.390s] Level 1:colcon.colcon_core.package_identification:_identify(rosbag2_2025_07_23-14_32_35) by extension 'ignore_ament_install'
[0.390s] Level 1:colcon.colcon_core.package_identification:_identify(rosbag2_2025_07_23-14_32_35) by extensions ['colcon_pkg']
[0.390s] Level 1:colcon.colcon_core.package_identification:_identify(rosbag2_2025_07_23-14_32_35) by extension 'colcon_pkg'
[0.390s] Level 1:colcon.colcon_core.package_identification:_identify(rosbag2_2025_07_23-14_32_35) by extensions ['colcon_meta']
[0.390s] Level 1:colcon.colcon_core.package_identification:_identify(rosbag2_2025_07_23-14_32_35) by extension 'colcon_meta'
[0.390s] Level 1:colcon.colcon_core.package_identification:_identify(rosbag2_2025_07_23-14_32_35) by extensions ['ros']
[0.390s] Level 1:colcon.colcon_core.package_identification:_identify(rosbag2_2025_07_23-14_32_35) by extension 'ros'
[0.390s] Level 1:colcon.colcon_core.package_identification:_identify(rosbag2_2025_07_23-14_32_35) by extensions ['cmake', 'python']
[0.390s] Level 1:colcon.colcon_core.package_identification:_identify(rosbag2_2025_07_23-14_32_35) by extension 'cmake'
[0.390s] Level 1:colcon.colcon_core.package_identification:_identify(rosbag2_2025_07_23-14_32_35) by extension 'python'
[0.390s] Level 1:colcon.colcon_core.package_identification:_identify(rosbag2_2025_07_23-14_32_35) by extensions ['python_setup_py']
[0.390s] Level 1:colcon.colcon_core.package_identification:_identify(rosbag2_2025_07_23-14_32_35) by extension 'python_setup_py'
[0.390s] Level 1:colcon.colcon_core.package_identification:_identify(rosbag2_2025_07_23-14_36_09) by extensions ['ignore', 'ignore_ament_install']
[0.390s] Level 1:colcon.colcon_core.package_identification:_identify(rosbag2_2025_07_23-14_36_09) by extension 'ignore'
[0.390s] Level 1:colcon.colcon_core.package_identification:_identify(rosbag2_2025_07_23-14_36_09) by extension 'ignore_ament_install'
[0.390s] Level 1:colcon.colcon_core.package_identification:_identify(rosbag2_2025_07_23-14_36_09) by extensions ['colcon_pkg']
[0.390s] Level 1:colcon.colcon_core.package_identification:_identify(rosbag2_2025_07_23-14_36_09) by extension 'colcon_pkg'
[0.390s] Level 1:colcon.colcon_core.package_identification:_identify(rosbag2_2025_07_23-14_36_09) by extensions ['colcon_meta']
[0.390s] Level 1:colcon.colcon_core.package_identification:_identify(rosbag2_2025_07_23-14_36_09) by extension 'colcon_meta'
[0.390s] Level 1:colcon.colcon_core.package_identification:_identify(rosbag2_2025_07_23-14_36_09) by extensions ['ros']
[0.390s] Level 1:colcon.colcon_core.package_identification:_identify(rosbag2_2025_07_23-14_36_09) by extension 'ros'
[0.390s] Level 1:colcon.colcon_core.package_identification:_identify(rosbag2_2025_07_23-14_36_09) by extensions ['cmake', 'python']
[0.390s] Level 1:colcon.colcon_core.package_identification:_identify(rosbag2_2025_07_23-14_36_09) by extension 'cmake'
[0.390s] Level 1:colcon.colcon_core.package_identification:_identify(rosbag2_2025_07_23-14_36_09) by extension 'python'
[0.390s] Level 1:colcon.colcon_core.package_identification:_identify(rosbag2_2025_07_23-14_36_09) by extensions ['python_setup_py']
[0.390s] Level 1:colcon.colcon_core.package_identification:_identify(rosbag2_2025_07_23-14_36_09) by extension 'python_setup_py'
[0.390s] Level 1:colcon.colcon_core.package_identification:_identify(rosbag2_2025_07_23-16_35_11) by extensions ['ignore', 'ignore_ament_install']
[0.390s] Level 1:colcon.colcon_core.package_identification:_identify(rosbag2_2025_07_23-16_35_11) by extension 'ignore'
[0.390s] Level 1:colcon.colcon_core.package_identification:_identify(rosbag2_2025_07_23-16_35_11) by extension 'ignore_ament_install'
[0.391s] Level 1:colcon.colcon_core.package_identification:_identify(rosbag2_2025_07_23-16_35_11) by extensions ['colcon_pkg']
[0.391s] Level 1:colcon.colcon_core.package_identification:_identify(rosbag2_2025_07_23-16_35_11) by extension 'colcon_pkg'
[0.391s] Level 1:colcon.colcon_core.package_identification:_identify(rosbag2_2025_07_23-16_35_11) by extensions ['colcon_meta']
[0.391s] Level 1:colcon.colcon_core.package_identification:_identify(rosbag2_2025_07_23-16_35_11) by extension 'colcon_meta'
[0.391s] Level 1:colcon.colcon_core.package_identification:_identify(rosbag2_2025_07_23-16_35_11) by extensions ['ros']
[0.391s] Level 1:colcon.colcon_core.package_identification:_identify(rosbag2_2025_07_23-16_35_11) by extension 'ros'
[0.391s] Level 1:colcon.colcon_core.package_identification:_identify(rosbag2_2025_07_23-16_35_11) by extensions ['cmake', 'python']
[0.391s] Level 1:colcon.colcon_core.package_identification:_identify(rosbag2_2025_07_23-16_35_11) by extension 'cmake'
[0.391s] Level 1:colcon.colcon_core.package_identification:_identify(rosbag2_2025_07_23-16_35_11) by extension 'python'
[0.391s] Level 1:colcon.colcon_core.package_identification:_identify(rosbag2_2025_07_23-16_35_11) by extensions ['python_setup_py']
[0.391s] Level 1:colcon.colcon_core.package_identification:_identify(rosbag2_2025_07_23-16_35_11) by extension 'python_setup_py'
[0.391s] Level 1:colcon.colcon_core.package_identification:_identify(short_road_driving) by extensions ['ignore', 'ignore_ament_install']
[0.391s] Level 1:colcon.colcon_core.package_identification:_identify(short_road_driving) by extension 'ignore'
[0.391s] Level 1:colcon.colcon_core.package_identification:_identify(short_road_driving) by extension 'ignore_ament_install'
[0.391s] Level 1:colcon.colcon_core.package_identification:_identify(short_road_driving) by extensions ['colcon_pkg']
[0.391s] Level 1:colcon.colcon_core.package_identification:_identify(short_road_driving) by extension 'colcon_pkg'
[0.391s] Level 1:colcon.colcon_core.package_identification:_identify(short_road_driving) by extensions ['colcon_meta']
[0.391s] Level 1:colcon.colcon_core.package_identification:_identify(short_road_driving) by extension 'colcon_meta'
[0.391s] Level 1:colcon.colcon_core.package_identification:_identify(short_road_driving) by extensions ['ros']
[0.391s] Level 1:colcon.colcon_core.package_identification:_identify(short_road_driving) by extension 'ros'
[0.391s] Level 1:colcon.colcon_core.package_identification:_identify(short_road_driving) by extensions ['cmake', 'python']
[0.391s] Level 1:colcon.colcon_core.package_identification:_identify(short_road_driving) by extension 'cmake'
[0.391s] Level 1:colcon.colcon_core.package_identification:_identify(short_road_driving) by extension 'python'
[0.391s] Level 1:colcon.colcon_core.package_identification:_identify(short_road_driving) by extensions ['python_setup_py']
[0.391s] Level 1:colcon.colcon_core.package_identification:_identify(short_road_driving) by extension 'python_setup_py'
[0.391s] Level 1:colcon.colcon_core.package_identification:_identify(src) by extensions ['ignore', 'ignore_ament_install']
[0.391s] Level 1:colcon.colcon_core.package_identification:_identify(src) by extension 'ignore'
[0.391s] Level 1:colcon.colcon_core.package_identification:_identify(src) by extension 'ignore_ament_install'
[0.392s] Level 1:colcon.colcon_core.package_identification:_identify(src) by extensions ['colcon_pkg']
[0.392s] Level 1:colcon.colcon_core.package_identification:_identify(src) by extension 'colcon_pkg'
[0.392s] Level 1:colcon.colcon_core.package_identification:_identify(src) by extensions ['colcon_meta']
[0.392s] Level 1:colcon.colcon_core.package_identification:_identify(src) by extension 'colcon_meta'
[0.392s] Level 1:colcon.colcon_core.package_identification:_identify(src) by extensions ['ros']
[0.392s] Level 1:colcon.colcon_core.package_identification:_identify(src) by extension 'ros'
[0.392s] Level 1:colcon.colcon_core.package_identification:_identify(src) by extensions ['cmake', 'python']
[0.392s] Level 1:colcon.colcon_core.package_identification:_identify(src) by extension 'cmake'
[0.392s] Level 1:colcon.colcon_core.package_identification:_identify(src) by extension 'python'
[0.392s] Level 1:colcon.colcon_core.package_identification:_identify(src) by extensions ['python_setup_py']
[0.392s] Level 1:colcon.colcon_core.package_identification:_identify(src) by extension 'python_setup_py'
[0.392s] Level 1:colcon.colcon_core.package_identification:_identify(src/gps_imu_fusion_pkg) by extensions ['ignore', 'ignore_ament_install']
[0.392s] Level 1:colcon.colcon_core.package_identification:_identify(src/gps_imu_fusion_pkg) by extension 'ignore'
[0.392s] Level 1:colcon.colcon_core.package_identification:_identify(src/gps_imu_fusion_pkg) by extension 'ignore_ament_install'
[0.392s] Level 1:colcon.colcon_core.package_identification:_identify(src/gps_imu_fusion_pkg) by extensions ['colcon_pkg']
[0.392s] Level 1:colcon.colcon_core.package_identification:_identify(src/gps_imu_fusion_pkg) by extension 'colcon_pkg'
[0.392s] Level 1:colcon.colcon_core.package_identification:_identify(src/gps_imu_fusion_pkg) by extensions ['colcon_meta']
[0.392s] Level 1:colcon.colcon_core.package_identification:_identify(src/gps_imu_fusion_pkg) by extension 'colcon_meta'
[0.392s] Level 1:colcon.colcon_core.package_identification:_identify(src/gps_imu_fusion_pkg) by extensions ['ros']
[0.392s] Level 1:colcon.colcon_core.package_identification:_identify(src/gps_imu_fusion_pkg) by extension 'ros'
[0.394s] DEBUG:colcon.colcon_core.package_identification:Package 'src/gps_imu_fusion_pkg' with type 'ros.ament_python' and name 'gps_imu_fusion_pkg'
[0.394s] Level 1:colcon.colcon_core.package_identification:_identify(src/serial-ros2) by extensions ['ignore', 'ignore_ament_install']
[0.394s] Level 1:colcon.colcon_core.package_identification:_identify(src/serial-ros2) by extension 'ignore'
[0.394s] Level 1:colcon.colcon_core.package_identification:_identify(src/serial-ros2) by extension 'ignore_ament_install'
[0.395s] Level 1:colcon.colcon_core.package_identification:_identify(src/serial-ros2) by extensions ['colcon_pkg']
[0.395s] Level 1:colcon.colcon_core.package_identification:_identify(src/serial-ros2) by extension 'colcon_pkg'
[0.395s] Level 1:colcon.colcon_core.package_identification:_identify(src/serial-ros2) by extensions ['colcon_meta']
[0.395s] Level 1:colcon.colcon_core.package_identification:_identify(src/serial-ros2) by extension 'colcon_meta'
[0.395s] Level 1:colcon.colcon_core.package_identification:_identify(src/serial-ros2) by extensions ['ros']
[0.395s] Level 1:colcon.colcon_core.package_identification:_identify(src/serial-ros2) by extension 'ros'
[0.395s] DEBUG:colcon.colcon_core.package_identification:Package 'src/serial-ros2' with type 'ros.ament_cmake' and name 'serial'
[0.395s] Level 1:colcon.colcon_core.package_identification:_identify(src/um7) by extensions ['ignore', 'ignore_ament_install']
[0.395s] Level 1:colcon.colcon_core.package_identification:_identify(src/um7) by extension 'ignore'
[0.395s] Level 1:colcon.colcon_core.package_identification:_identify(src/um7) by extension 'ignore_ament_install'
[0.395s] Level 1:colcon.colcon_core.package_identification:_identify(src/um7) by extensions ['colcon_pkg']
[0.395s] Level 1:colcon.colcon_core.package_identification:_identify(src/um7) by extension 'colcon_pkg'
[0.395s] Level 1:colcon.colcon_core.package_identification:_identify(src/um7) by extensions ['colcon_meta']
[0.395s] Level 1:colcon.colcon_core.package_identification:_identify(src/um7) by extension 'colcon_meta'
[0.395s] Level 1:colcon.colcon_core.package_identification:_identify(src/um7) by extensions ['ros']
[0.395s] Level 1:colcon.colcon_core.package_identification:_identify(src/um7) by extension 'ros'
[0.396s] DEBUG:colcon.colcon_core.package_identification:Package 'src/um7' with type 'ros.ament_cmake' and name 'umx_driver'
[0.396s] Level 1:colcon.colcon_core.package_discovery:discover_packages(recursive) using defaults
[0.396s] Level 1:colcon.colcon_core.package_discovery:discover_packages(ignore) discover
[0.396s] Level 1:colcon.colcon_core.package_discovery:discover_packages(ignore) using defaults
[0.396s] Level 1:colcon.colcon_core.package_discovery:discover_packages(path) discover
[0.396s] Level 1:colcon.colcon_core.package_discovery:discover_packages(path) using defaults
[0.422s] Level 1:colcon.colcon_core.package_discovery:discover_packages(prefix_path) check parameters
[0.422s] Level 1:colcon.colcon_core.package_discovery:discover_packages(prefix_path) discover
[0.423s] WARNING:colcon.colcon_ros.prefix_path.ament:The path '/home/songsong/gps_imu_ws/install/imu_gps_sync_py' in the environment variable AMENT_PREFIX_PATH doesn't exist
[0.424s] WARNING:colcon.colcon_ros.prefix_path.ament:The path '/home/songsong/gps_imu_ws/install/imu_gps_sync_cmake' in the environment variable AMENT_PREFIX_PATH doesn't exist
[0.424s] WARNING:colcon.colcon_ros.prefix_path.catkin:The path '/home/songsong/gps_imu_ws/install/imu_gps_sync_cmake' in the environment variable CMAKE_PREFIX_PATH doesn't exist
[0.426s] DEBUG:colcon.colcon_installed_package_information.package_discovery:Found 3 installed packages in /home/songsong/gps_imu_ws/install
[0.427s] DEBUG:colcon.colcon_installed_package_information.package_discovery:Found 276 installed packages in /opt/ros/humble
[0.428s] Level 1:colcon.colcon_core.package_discovery:discover_packages(prefix_path) using defaults
[0.503s] Level 5:colcon.colcon_core.verb:set package 'gps_imu_fusion_pkg' build argument 'cmake_args' from command line to 'None'
[0.503s] Level 5:colcon.colcon_core.verb:set package 'gps_imu_fusion_pkg' build argument 'cmake_target' from command line to 'None'
[0.503s] Level 5:colcon.colcon_core.verb:set package 'gps_imu_fusion_pkg' build argument 'cmake_target_skip_unavailable' from command line to 'False'
[0.503s] Level 5:colcon.colcon_core.verb:set package 'gps_imu_fusion_pkg' build argument 'cmake_clean_cache' from command line to 'False'
[0.503s] Level 5:colcon.colcon_core.verb:set package 'gps_imu_fusion_pkg' build argument 'cmake_clean_first' from command line to 'False'
[0.503s] Level 5:colcon.colcon_core.verb:set package 'gps_imu_fusion_pkg' build argument 'cmake_force_configure' from command line to 'False'
[0.503s] Level 5:colcon.colcon_core.verb:set package 'gps_imu_fusion_pkg' build argument 'ament_cmake_args' from command line to 'None'
[0.503s] Level 5:colcon.colcon_core.verb:set package 'gps_imu_fusion_pkg' build argument 'catkin_cmake_args' from command line to 'None'
[0.503s] Level 5:colcon.colcon_core.verb:set package 'gps_imu_fusion_pkg' build argument 'catkin_skip_building_tests' from command line to 'False'
[0.503s] DEBUG:colcon.colcon_core.verb:Building package 'gps_imu_fusion_pkg' with the following arguments: {'ament_cmake_args': None, 'build_base': '/home/songsong/gps_imu_ws/build/gps_imu_fusion_pkg', 'catkin_cmake_args': None, 'catkin_skip_building_tests': False, 'cmake_args': None, 'cmake_clean_cache': False, 'cmake_clean_first': False, 'cmake_force_configure': False, 'cmake_target': None, 'cmake_target_skip_unavailable': False, 'install_base': '/home/songsong/gps_imu_ws/install/gps_imu_fusion_pkg', 'merge_install': False, 'path': '/home/songsong/gps_imu_ws/src/gps_imu_fusion_pkg', 'symlink_install': False, 'test_result_base': None}
[0.503s] Level 5:colcon.colcon_core.verb:set package 'serial' build argument 'cmake_args' from command line to 'None'
[0.503s] Level 5:colcon.colcon_core.verb:set package 'serial' build argument 'cmake_target' from command line to 'None'
[0.503s] Level 5:colcon.colcon_core.verb:set package 'serial' build argument 'cmake_target_skip_unavailable' from command line to 'False'
[0.503s] Level 5:colcon.colcon_core.verb:set package 'serial' build argument 'cmake_clean_cache' from command line to 'False'
[0.503s] Level 5:colcon.colcon_core.verb:set package 'serial' build argument 'cmake_clean_first' from command line to 'False'
[0.503s] Level 5:colcon.colcon_core.verb:set package 'serial' build argument 'cmake_force_configure' from command line to 'False'
[0.503s] Level 5:colcon.colcon_core.verb:set package 'serial' build argument 'ament_cmake_args' from command line to 'None'
[0.503s] Level 5:colcon.colcon_core.verb:set package 'serial' build argument 'catkin_cmake_args' from command line to 'None'
[0.503s] Level 5:colcon.colcon_core.verb:set package 'serial' build argument 'catkin_skip_building_tests' from command line to 'False'
[0.503s] DEBUG:colcon.colcon_core.verb:Building package 'serial' with the following arguments: {'ament_cmake_args': None, 'build_base': '/home/songsong/gps_imu_ws/build/serial', 'catkin_cmake_args': None, 'catkin_skip_building_tests': False, 'cmake_args': None, 'cmake_clean_cache': False, 'cmake_clean_first': False, 'cmake_force_configure': False, 'cmake_target': None, 'cmake_target_skip_unavailable': False, 'install_base': '/home/songsong/gps_imu_ws/install/serial', 'merge_install': False, 'path': '/home/songsong/gps_imu_ws/src/serial-ros2', 'symlink_install': False, 'test_result_base': None}
[0.503s] Level 5:colcon.colcon_core.verb:set package 'umx_driver' build argument 'cmake_args' from command line to 'None'
[0.503s] Level 5:colcon.colcon_core.verb:set package 'umx_driver' build argument 'cmake_target' from command line to 'None'
[0.503s] Level 5:colcon.colcon_core.verb:set package 'umx_driver' build argument 'cmake_target_skip_unavailable' from command line to 'False'
[0.503s] Level 5:colcon.colcon_core.verb:set package 'umx_driver' build argument 'cmake_clean_cache' from command line to 'False'
[0.503s] Level 5:colcon.colcon_core.verb:set package 'umx_driver' build argument 'cmake_clean_first' from command line to 'False'
[0.503s] Level 5:colcon.colcon_core.verb:set package 'umx_driver' build argument 'cmake_force_configure' from command line to 'False'
[0.503s] Level 5:colcon.colcon_core.verb:set package 'umx_driver' build argument 'ament_cmake_args' from command line to 'None'
[0.503s] Level 5:colcon.colcon_core.verb:set package 'umx_driver' build argument 'catkin_cmake_args' from command line to 'None'
[0.503s] Level 5:colcon.colcon_core.verb:set package 'umx_driver' build argument 'catkin_skip_building_tests' from command line to 'False'
[0.504s] DEBUG:colcon.colcon_core.verb:Building package 'umx_driver' with the following arguments: {'ament_cmake_args': None, 'build_base': '/home/songsong/gps_imu_ws/build/umx_driver', 'catkin_cmake_args': None, 'catkin_skip_building_tests': False, 'cmake_args': None, 'cmake_clean_cache': False, 'cmake_clean_first': False, 'cmake_force_configure': False, 'cmake_target': None, 'cmake_target_skip_unavailable': False, 'install_base': '/home/songsong/gps_imu_ws/install/umx_driver', 'merge_install': False, 'path': '/home/songsong/gps_imu_ws/src/um7', 'symlink_install': False, 'test_result_base': None}
[0.504s] INFO:colcon.colcon_core.executor:Executing jobs using 'parallel' executor
[0.504s] DEBUG:colcon.colcon_parallel_executor.executor.parallel:run_until_complete
[0.504s] INFO:colcon.colcon_ros.task.ament_cmake.build:Building ROS package in '/home/songsong/gps_imu_ws/src/serial-ros2' with build type 'ament_cmake'
[0.505s] INFO:colcon.colcon_cmake.task.cmake.build:Building CMake package in '/home/songsong/gps_imu_ws/src/serial-ros2'
[0.508s] INFO:colcon.colcon_core.plugin_system:Skipping extension 'colcon_core.shell.bat': Not used on non-Windows systems
[0.508s] INFO:colcon.colcon_core.shell:Skip shell extension 'powershell' for command environment: Not usable outside of PowerShell
[0.508s] DEBUG:colcon.colcon_core.shell:Skip shell extension 'dsv' for command environment
[0.511s] INFO:colcon.colcon_ros.task.ament_python.build:Building ROS package in '/home/songsong/gps_imu_ws/src/gps_imu_fusion_pkg' with build type 'ament_python'
[0.511s] Level 1:colcon.colcon_core.shell:create_environment_hook('gps_imu_fusion_pkg', 'ament_prefix_path')
[0.511s] INFO:colcon.colcon_core.shell:Creating environment hook '/home/songsong/gps_imu_ws/install/gps_imu_fusion_pkg/share/gps_imu_fusion_pkg/hook/ament_prefix_path.ps1'
[0.512s] INFO:colcon.colcon_core.shell:Creating environment descriptor '/home/songsong/gps_imu_ws/install/gps_imu_fusion_pkg/share/gps_imu_fusion_pkg/hook/ament_prefix_path.dsv'
[0.512s] INFO:colcon.colcon_core.shell:Creating environment hook '/home/songsong/gps_imu_ws/install/gps_imu_fusion_pkg/share/gps_imu_fusion_pkg/hook/ament_prefix_path.sh'
[0.513s] INFO:colcon.colcon_core.shell:Skip shell extension 'powershell' for command environment: Not usable outside of PowerShell
[0.513s] DEBUG:colcon.colcon_core.shell:Skip shell extension 'dsv' for command environment
[0.518s] DEBUG:colcon.colcon_core.event_handler.log_command:Invoking command in '/home/songsong/gps_imu_ws/build/serial': CMAKE_PREFIX_PATH=${CMAKE_PREFIX_PATH}:/home/songsong/gps_imu_ws/install/imu_gps_sync_py:/opt/ros/humble /usr/bin/cmake --build /home/songsong/gps_imu_ws/build/serial -- -j6 -l6
[0.669s] INFO:colcon.colcon_core.task.python.build:Building Python package in '/home/songsong/gps_imu_ws/src/gps_imu_fusion_pkg'
[0.669s] INFO:colcon.colcon_core.shell:Skip shell extension 'powershell' for command environment: Not usable outside of PowerShell
[0.669s] DEBUG:colcon.colcon_core.shell:Skip shell extension 'dsv' for command environment
[0.672s] DEBUG:colcon.colcon_core.event_handler.log_command:Invoked command in '/home/songsong/gps_imu_ws/build/serial' returned '0': CMAKE_PREFIX_PATH=${CMAKE_PREFIX_PATH}:/home/songsong/gps_imu_ws/install/imu_gps_sync_py:/opt/ros/humble /usr/bin/cmake --build /home/songsong/gps_imu_ws/build/serial -- -j6 -l6
[0.680s] DEBUG:colcon.colcon_core.event_handler.log_command:Invoking command in '/home/songsong/gps_imu_ws/build/serial': CMAKE_PREFIX_PATH=${CMAKE_PREFIX_PATH}:/home/songsong/gps_imu_ws/install/imu_gps_sync_py:/opt/ros/humble /usr/bin/cmake --install /home/songsong/gps_imu_ws/build/serial
[0.688s] Level 1:colcon.colcon_core.environment:create_environment_scripts_only(serial)
[0.688s] DEBUG:colcon.colcon_core.event_handler.log_command:Invoked command in '/home/songsong/gps_imu_ws/build/serial' returned '0': CMAKE_PREFIX_PATH=${CMAKE_PREFIX_PATH}:/home/songsong/gps_imu_ws/install/imu_gps_sync_py:/opt/ros/humble /usr/bin/cmake --install /home/songsong/gps_imu_ws/build/serial
[0.692s] Level 1:colcon.colcon_core.environment:checking '/home/songsong/gps_imu_ws/install/serial' for CMake module files
[0.692s] Level 1:colcon.colcon_core.environment:checking '/home/songsong/gps_imu_ws/install/serial' for CMake config files
[0.693s] Level 1:colcon.colcon_core.shell:create_environment_hook('serial', 'cmake_prefix_path')
[0.693s] INFO:colcon.colcon_core.shell:Creating environment hook '/home/songsong/gps_imu_ws/install/serial/share/serial/hook/cmake_prefix_path.ps1'
[0.693s] INFO:colcon.colcon_core.shell:Creating environment descriptor '/home/songsong/gps_imu_ws/install/serial/share/serial/hook/cmake_prefix_path.dsv'
[0.694s] INFO:colcon.colcon_core.shell:Creating environment hook '/home/songsong/gps_imu_ws/install/serial/share/serial/hook/cmake_prefix_path.sh'
[0.695s] Level 1:colcon.colcon_core.environment:checking '/home/songsong/gps_imu_ws/install/serial/lib'
[0.695s] Level 1:colcon.colcon_core.environment:checking '/home/songsong/gps_imu_ws/install/serial/bin'
[0.695s] Level 1:colcon.colcon_core.environment:checking '/home/songsong/gps_imu_ws/install/serial/lib/pkgconfig/serial.pc'
[0.695s] Level 1:colcon.colcon_core.environment:checking '/home/songsong/gps_imu_ws/install/serial/lib/python3.10/site-packages'
[0.695s] Level 1:colcon.colcon_core.environment:checking '/home/songsong/gps_imu_ws/install/serial/bin'
[0.695s] INFO:colcon.colcon_core.shell:Creating package script '/home/songsong/gps_imu_ws/install/serial/share/serial/package.ps1'
[0.696s] INFO:colcon.colcon_core.shell:Creating package descriptor '/home/songsong/gps_imu_ws/install/serial/share/serial/package.dsv'
[0.696s] INFO:colcon.colcon_core.shell:Creating package script '/home/songsong/gps_imu_ws/install/serial/share/serial/package.sh'
[0.697s] INFO:colcon.colcon_core.shell:Creating package script '/home/songsong/gps_imu_ws/install/serial/share/serial/package.bash'
[0.698s] INFO:colcon.colcon_core.shell:Creating package script '/home/songsong/gps_imu_ws/install/serial/share/serial/package.zsh'
[0.698s] Level 1:colcon.colcon_core.environment:create_file_with_runtime_dependencies(/home/songsong/gps_imu_ws/install/serial/share/colcon-core/packages/serial)
[0.698s] Level 1:colcon.colcon_core.environment:create_environment_scripts_only(serial)
[0.699s] Level 1:colcon.colcon_core.environment:checking '/home/songsong/gps_imu_ws/install/serial' for CMake module files
[0.699s] Level 1:colcon.colcon_core.environment:checking '/home/songsong/gps_imu_ws/install/serial' for CMake config files
[0.699s] Level 1:colcon.colcon_core.shell:create_environment_hook('serial', 'cmake_prefix_path')
[0.699s] INFO:colcon.colcon_core.shell:Creating environment hook '/home/songsong/gps_imu_ws/install/serial/share/serial/hook/cmake_prefix_path.ps1'
[0.700s] INFO:colcon.colcon_core.shell:Creating environment descriptor '/home/songsong/gps_imu_ws/install/serial/share/serial/hook/cmake_prefix_path.dsv'
[0.700s] INFO:colcon.colcon_core.shell:Creating environment hook '/home/songsong/gps_imu_ws/install/serial/share/serial/hook/cmake_prefix_path.sh'
[0.700s] Level 1:colcon.colcon_core.environment:checking '/home/songsong/gps_imu_ws/install/serial/lib'
[0.700s] Level 1:colcon.colcon_core.environment:checking '/home/songsong/gps_imu_ws/install/serial/bin'
[0.700s] Level 1:colcon.colcon_core.environment:checking '/home/songsong/gps_imu_ws/install/serial/lib/pkgconfig/serial.pc'
[0.700s] Level 1:colcon.colcon_core.environment:checking '/home/songsong/gps_imu_ws/install/serial/lib/python3.10/site-packages'
[0.700s] Level 1:colcon.colcon_core.environment:checking '/home/songsong/gps_imu_ws/install/serial/bin'
[0.701s] INFO:colcon.colcon_core.shell:Creating package script '/home/songsong/gps_imu_ws/install/serial/share/serial/package.ps1'
[0.701s] INFO:colcon.colcon_core.shell:Creating package descriptor '/home/songsong/gps_imu_ws/install/serial/share/serial/package.dsv'
[0.701s] INFO:colcon.colcon_core.shell:Creating package script '/home/songsong/gps_imu_ws/install/serial/share/serial/package.sh'
[0.702s] INFO:colcon.colcon_core.shell:Creating package script '/home/songsong/gps_imu_ws/install/serial/share/serial/package.bash'
[0.702s] INFO:colcon.colcon_core.shell:Creating package script '/home/songsong/gps_imu_ws/install/serial/share/serial/package.zsh'
[0.702s] Level 1:colcon.colcon_core.environment:create_file_with_runtime_dependencies(/home/songsong/gps_imu_ws/install/serial/share/colcon-core/packages/serial)
[0.703s] INFO:colcon.colcon_ros.task.ament_cmake.build:Building ROS package in '/home/songsong/gps_imu_ws/src/um7' with build type 'ament_cmake'
[0.703s] INFO:colcon.colcon_cmake.task.cmake.build:Building CMake package in '/home/songsong/gps_imu_ws/src/um7'
[0.703s] INFO:colcon.colcon_core.shell:Skip shell extension 'powershell' for command environment: Not usable outside of PowerShell
[0.703s] DEBUG:colcon.colcon_core.shell:Skip shell extension 'dsv' for command environment
[0.713s] DEBUG:colcon.colcon_core.event_handler.log_command:Invoking command in '/home/songsong/gps_imu_ws/build/umx_driver': CMAKE_PREFIX_PATH=/home/songsong/gps_imu_ws/install/serial:/home/songsong/gps_imu_ws/install/imu_gps_sync_cmake:/home/songsong/gps_imu_ws/install/umx_driver:/home/songsong/gps_imu_ws/install/imu_gps_sync_py:/opt/ros/humble /usr/bin/cmake --build /home/songsong/gps_imu_ws/build/umx_driver -- -j6 -l6
[1.066s] DEBUG:colcon.colcon_core.event_handler.log_command:Invoked command in '/home/songsong/gps_imu_ws/build/umx_driver' returned '0': CMAKE_PREFIX_PATH=/home/songsong/gps_imu_ws/install/serial:/home/songsong/gps_imu_ws/install/imu_gps_sync_cmake:/home/songsong/gps_imu_ws/install/umx_driver:/home/songsong/gps_imu_ws/install/imu_gps_sync_py:/opt/ros/humble /usr/bin/cmake --build /home/songsong/gps_imu_ws/build/umx_driver -- -j6 -l6
[1.068s] DEBUG:colcon.colcon_core.event_handler.log_command:Invoking command in '/home/songsong/gps_imu_ws/build/umx_driver': CMAKE_PREFIX_PATH=/home/songsong/gps_imu_ws/install/serial:/home/songsong/gps_imu_ws/install/imu_gps_sync_cmake:/home/songsong/gps_imu_ws/install/umx_driver:/home/songsong/gps_imu_ws/install/imu_gps_sync_py:/opt/ros/humble /usr/bin/cmake --install /home/songsong/gps_imu_ws/build/umx_driver
[1.106s] Level 1:colcon.colcon_core.environment:create_environment_scripts_only(umx_driver)
[1.106s] Level 1:colcon.colcon_core.environment:checking '/home/songsong/gps_imu_ws/install/umx_driver' for CMake module files
[1.106s] DEBUG:colcon.colcon_core.event_handler.log_command:Invoked command in '/home/songsong/gps_imu_ws/build/umx_driver' returned '0': CMAKE_PREFIX_PATH=/home/songsong/gps_imu_ws/install/serial:/home/songsong/gps_imu_ws/install/imu_gps_sync_cmake:/home/songsong/gps_imu_ws/install/umx_driver:/home/songsong/gps_imu_ws/install/imu_gps_sync_py:/opt/ros/humble /usr/bin/cmake --install /home/songsong/gps_imu_ws/build/umx_driver
[1.107s] Level 1:colcon.colcon_core.environment:checking '/home/songsong/gps_imu_ws/install/umx_driver' for CMake config files
[1.107s] Level 1:colcon.colcon_core.shell:create_environment_hook('umx_driver', 'cmake_prefix_path')
[1.107s] INFO:colcon.colcon_core.shell:Creating environment hook '/home/songsong/gps_imu_ws/install/umx_driver/share/umx_driver/hook/cmake_prefix_path.ps1'
[1.108s] INFO:colcon.colcon_core.shell:Creating environment descriptor '/home/songsong/gps_imu_ws/install/umx_driver/share/umx_driver/hook/cmake_prefix_path.dsv'
[1.108s] INFO:colcon.colcon_core.shell:Creating environment hook '/home/songsong/gps_imu_ws/install/umx_driver/share/umx_driver/hook/cmake_prefix_path.sh'
[1.109s] Level 1:colcon.colcon_core.environment:checking '/home/songsong/gps_imu_ws/install/umx_driver/lib'
[1.109s] Level 1:colcon.colcon_core.shell:create_environment_hook('umx_driver', 'ld_library_path_lib')
[1.109s] INFO:colcon.colcon_core.shell:Creating environment hook '/home/songsong/gps_imu_ws/install/umx_driver/share/umx_driver/hook/ld_library_path_lib.ps1'
[1.109s] INFO:colcon.colcon_core.shell:Creating environment descriptor '/home/songsong/gps_imu_ws/install/umx_driver/share/umx_driver/hook/ld_library_path_lib.dsv'
[1.109s] INFO:colcon.colcon_core.shell:Creating environment hook '/home/songsong/gps_imu_ws/install/umx_driver/share/umx_driver/hook/ld_library_path_lib.sh'
[1.110s] Level 1:colcon.colcon_core.environment:checking '/home/songsong/gps_imu_ws/install/umx_driver/bin'
[1.110s] Level 1:colcon.colcon_core.environment:checking '/home/songsong/gps_imu_ws/install/umx_driver/lib/pkgconfig/umx_driver.pc'
[1.110s] Level 1:colcon.colcon_core.environment:checking '/home/songsong/gps_imu_ws/install/umx_driver/lib/python3.10/site-packages'
[1.110s] Level 1:colcon.colcon_core.environment:checking '/home/songsong/gps_imu_ws/install/umx_driver/bin'
[1.110s] INFO:colcon.colcon_core.shell:Creating package script '/home/songsong/gps_imu_ws/install/umx_driver/share/umx_driver/package.ps1'
[1.112s] INFO:colcon.colcon_core.shell:Creating package descriptor '/home/songsong/gps_imu_ws/install/umx_driver/share/umx_driver/package.dsv'
[1.113s] INFO:colcon.colcon_core.shell:Creating package script '/home/songsong/gps_imu_ws/install/umx_driver/share/umx_driver/package.sh'
[1.113s] INFO:colcon.colcon_core.shell:Creating package script '/home/songsong/gps_imu_ws/install/umx_driver/share/umx_driver/package.bash'
[1.113s] INFO:colcon.colcon_core.shell:Creating package script '/home/songsong/gps_imu_ws/install/umx_driver/share/umx_driver/package.zsh'
[1.114s] Level 1:colcon.colcon_core.environment:create_file_with_runtime_dependencies(/home/songsong/gps_imu_ws/install/umx_driver/share/colcon-core/packages/umx_driver)
[1.114s] Level 1:colcon.colcon_core.environment:create_environment_scripts_only(umx_driver)
[1.114s] Level 1:colcon.colcon_core.environment:checking '/home/songsong/gps_imu_ws/install/umx_driver' for CMake module files
[1.115s] Level 1:colcon.colcon_core.environment:checking '/home/songsong/gps_imu_ws/install/umx_driver' for CMake config files
[1.115s] Level 1:colcon.colcon_core.shell:create_environment_hook('umx_driver', 'cmake_prefix_path')
[1.115s] INFO:colcon.colcon_core.shell:Creating environment hook '/home/songsong/gps_imu_ws/install/umx_driver/share/umx_driver/hook/cmake_prefix_path.ps1'
[1.115s] INFO:colcon.colcon_core.shell:Creating environment descriptor '/home/songsong/gps_imu_ws/install/umx_driver/share/umx_driver/hook/cmake_prefix_path.dsv'
[1.116s] INFO:colcon.colcon_core.shell:Creating environment hook '/home/songsong/gps_imu_ws/install/umx_driver/share/umx_driver/hook/cmake_prefix_path.sh'
[1.116s] Level 1:colcon.colcon_core.environment:checking '/home/songsong/gps_imu_ws/install/umx_driver/lib'
[1.116s] Level 1:colcon.colcon_core.shell:create_environment_hook('umx_driver', 'ld_library_path_lib')
[1.116s] INFO:colcon.colcon_core.shell:Creating environment hook '/home/songsong/gps_imu_ws/install/umx_driver/share/umx_driver/hook/ld_library_path_lib.ps1'
[1.116s] INFO:colcon.colcon_core.shell:Creating environment descriptor '/home/songsong/gps_imu_ws/install/umx_driver/share/umx_driver/hook/ld_library_path_lib.dsv'
[1.117s] INFO:colcon.colcon_core.shell:Creating environment hook '/home/songsong/gps_imu_ws/install/umx_driver/share/umx_driver/hook/ld_library_path_lib.sh'
[1.117s] Level 1:colcon.colcon_core.environment:checking '/home/songsong/gps_imu_ws/install/umx_driver/bin'
[1.117s] Level 1:colcon.colcon_core.environment:checking '/home/songsong/gps_imu_ws/install/umx_driver/lib/pkgconfig/umx_driver.pc'
[1.117s] Level 1:colcon.colcon_core.environment:checking '/home/songsong/gps_imu_ws/install/umx_driver/lib/python3.10/site-packages'
[1.117s] Level 1:colcon.colcon_core.environment:checking '/home/songsong/gps_imu_ws/install/umx_driver/bin'
[1.118s] INFO:colcon.colcon_core.shell:Creating package script '/home/songsong/gps_imu_ws/install/umx_driver/share/umx_driver/package.ps1'
[1.118s] INFO:colcon.colcon_core.shell:Creating package descriptor '/home/songsong/gps_imu_ws/install/umx_driver/share/umx_driver/package.dsv'
[1.118s] INFO:colcon.colcon_core.shell:Creating package script '/home/songsong/gps_imu_ws/install/umx_driver/share/umx_driver/package.sh'
[1.118s] INFO:colcon.colcon_core.shell:Creating package script '/home/songsong/gps_imu_ws/install/umx_driver/share/umx_driver/package.bash'
[1.119s] INFO:colcon.colcon_core.shell:Creating package script '/home/songsong/gps_imu_ws/install/umx_driver/share/umx_driver/package.zsh'
[1.119s] Level 1:colcon.colcon_core.environment:create_file_with_runtime_dependencies(/home/songsong/gps_imu_ws/install/umx_driver/share/colcon-core/packages/umx_driver)
[1.152s] DEBUG:colcon.colcon_core.event_handler.log_command:Invoking command in '/home/songsong/gps_imu_ws/src/gps_imu_fusion_pkg': PYTHONPATH=/home/songsong/gps_imu_ws/build/gps_imu_fusion_pkg/prefix_override:/usr/lib/python3/dist-packages/colcon_core/task/python/colcon_distutils_commands:/home/songsong/gps_imu_ws/install/gps_imu_fusion_pkg/lib/python3.10/site-packages:${PYTHONPATH} /usr/bin/python3 -W ignore:setup.py install is deprecated -W ignore:easy_install command is deprecated setup.py egg_info --egg-base ../../build/gps_imu_fusion_pkg build --build-base /home/songsong/gps_imu_ws/build/gps_imu_fusion_pkg/build install --record /home/songsong/gps_imu_ws/build/gps_imu_fusion_pkg/install.log --single-version-externally-managed install_data
[1.379s] Level 1:colcon.colcon_core.environment:checking '/home/songsong/gps_imu_ws/install/gps_imu_fusion_pkg' for CMake module files
[1.379s] DEBUG:colcon.colcon_core.event_handler.log_command:Invoked command in '/home/songsong/gps_imu_ws/src/gps_imu_fusion_pkg' returned '0': PYTHONPATH=/home/songsong/gps_imu_ws/build/gps_imu_fusion_pkg/prefix_override:/usr/lib/python3/dist-packages/colcon_core/task/python/colcon_distutils_commands:/home/songsong/gps_imu_ws/install/gps_imu_fusion_pkg/lib/python3.10/site-packages:${PYTHONPATH} /usr/bin/python3 -W ignore:setup.py install is deprecated -W ignore:easy_install command is deprecated setup.py egg_info --egg-base ../../build/gps_imu_fusion_pkg build --build-base /home/songsong/gps_imu_ws/build/gps_imu_fusion_pkg/build install --record /home/songsong/gps_imu_ws/build/gps_imu_fusion_pkg/install.log --single-version-externally-managed install_data
[1.379s] Level 1:colcon.colcon_core.environment:checking '/home/songsong/gps_imu_ws/install/gps_imu_fusion_pkg' for CMake config files
[1.380s] Level 1:colcon.colcon_core.environment:checking '/home/songsong/gps_imu_ws/install/gps_imu_fusion_pkg/lib'
[1.380s] Level 1:colcon.colcon_core.environment:checking '/home/songsong/gps_imu_ws/install/gps_imu_fusion_pkg/bin'
[1.380s] Level 1:colcon.colcon_core.environment:checking '/home/songsong/gps_imu_ws/install/gps_imu_fusion_pkg/lib/pkgconfig/gps_imu_fusion_pkg.pc'
[1.380s] Level 1:colcon.colcon_core.environment:checking '/home/songsong/gps_imu_ws/install/gps_imu_fusion_pkg/lib/python3.10/site-packages'
[1.380s] Level 1:colcon.colcon_core.shell:create_environment_hook('gps_imu_fusion_pkg', 'pythonpath')
[1.380s] INFO:colcon.colcon_core.shell:Creating environment hook '/home/songsong/gps_imu_ws/install/gps_imu_fusion_pkg/share/gps_imu_fusion_pkg/hook/pythonpath.ps1'
[1.380s] INFO:colcon.colcon_core.shell:Creating environment descriptor '/home/songsong/gps_imu_ws/install/gps_imu_fusion_pkg/share/gps_imu_fusion_pkg/hook/pythonpath.dsv'
[1.380s] INFO:colcon.colcon_core.shell:Creating environment hook '/home/songsong/gps_imu_ws/install/gps_imu_fusion_pkg/share/gps_imu_fusion_pkg/hook/pythonpath.sh'
[1.381s] Level 1:colcon.colcon_core.environment:checking '/home/songsong/gps_imu_ws/install/gps_imu_fusion_pkg/bin'
[1.381s] Level 1:colcon.colcon_core.environment:create_environment_scripts_only(gps_imu_fusion_pkg)
[1.381s] INFO:colcon.colcon_core.shell:Creating package script '/home/songsong/gps_imu_ws/install/gps_imu_fusion_pkg/share/gps_imu_fusion_pkg/package.ps1'
[1.382s] INFO:colcon.colcon_core.shell:Creating package descriptor '/home/songsong/gps_imu_ws/install/gps_imu_fusion_pkg/share/gps_imu_fusion_pkg/package.dsv'
[1.382s] INFO:colcon.colcon_core.shell:Creating package script '/home/songsong/gps_imu_ws/install/gps_imu_fusion_pkg/share/gps_imu_fusion_pkg/package.sh'
[1.382s] INFO:colcon.colcon_core.shell:Creating package script '/home/songsong/gps_imu_ws/install/gps_imu_fusion_pkg/share/gps_imu_fusion_pkg/package.bash'
[1.383s] INFO:colcon.colcon_core.shell:Creating package script '/home/songsong/gps_imu_ws/install/gps_imu_fusion_pkg/share/gps_imu_fusion_pkg/package.zsh'
[1.383s] Level 1:colcon.colcon_core.environment:create_file_with_runtime_dependencies(/home/songsong/gps_imu_ws/install/gps_imu_fusion_pkg/share/colcon-core/packages/gps_imu_fusion_pkg)
[1.383s] DEBUG:colcon.colcon_parallel_executor.executor.parallel:closing loop
[1.384s] DEBUG:colcon.colcon_parallel_executor.executor.parallel:loop closed
[1.384s] DEBUG:colcon.colcon_parallel_executor.executor.parallel:run_until_complete finished with '0'
[1.384s] DEBUG:colcon.colcon_core.event_reactor:joining thread
[1.387s] INFO:colcon.colcon_core.plugin_system:Skipping extension 'colcon_notification.desktop_notification.terminal_notifier': Not used on non-Darwin systems
[1.387s] INFO:colcon.colcon_core.plugin_system:Skipping extension 'colcon_notification.desktop_notification.win32': Not used on non-Windows systems
[1.387s] INFO:colcon.colcon_notification.desktop_notification:Sending desktop notification using 'notify2'
[1.402s] DEBUG:colcon.colcon_core.event_reactor:joined thread
[1.402s] INFO:colcon.colcon_core.shell:Creating prefix script '/home/songsong/gps_imu_ws/install/local_setup.ps1'
[1.403s] INFO:colcon.colcon_core.shell:Creating prefix util module '/home/songsong/gps_imu_ws/install/_local_setup_util_ps1.py'
[1.404s] INFO:colcon.colcon_core.shell:Creating prefix chain script '/home/songsong/gps_imu_ws/install/setup.ps1'
[1.405s] INFO:colcon.colcon_core.shell:Creating prefix script '/home/songsong/gps_imu_ws/install/local_setup.sh'
[1.405s] INFO:colcon.colcon_core.shell:Creating prefix util module '/home/songsong/gps_imu_ws/install/_local_setup_util_sh.py'
[1.406s] INFO:colcon.colcon_core.shell:Creating prefix chain script '/home/songsong/gps_imu_ws/install/setup.sh'
[1.407s] INFO:colcon.colcon_core.shell:Creating prefix script '/home/songsong/gps_imu_ws/install/local_setup.bash'
[1.407s] INFO:colcon.colcon_core.shell:Creating prefix chain script '/home/songsong/gps_imu_ws/install/setup.bash'
[1.408s] INFO:colcon.colcon_core.shell:Creating prefix script '/home/songsong/gps_imu_ws/install/local_setup.zsh'
[1.408s] INFO:colcon.colcon_core.shell:Creating prefix chain script '/home/songsong/gps_imu_ws/install/setup.zsh'
