[  4%] Built target gtest
[  6%] Built target ament_cmake_python_copy_umx_driver
[  9%] Built target umx_driver__rosidl_generator_c
[ 10%] Built target umx_driver__cpp
[ 13%] Built target gtest_main
[ 20%] Built target umx_driver__rosidl_typesupport_introspection_c
[ 26%] Built target umx_driver__rosidl_typesupport_fastrtps_c
[ 32%] Built target umx_driver__rosidl_typesupport_cpp
[ 41%] Built target umx_driver__rosidl_typesupport_c
[ 44%] Built target umx_driver__rosidl_typesupport_fastrtps_cpp
[ 50%] Built target umx_driver__rosidl_typesupport_introspection_cpp
[ 61%] Built target um7_driver
[ 63%] Built target um6_driver
[ 69%] Built target um6_comms_test
[ 73%] Built target um6_register_test
[ 80%] Built target um7_comms_test
[ 80%] Built target umx_driver
[ 84%] Built target um7_register_test
[ 86%] Built target umx_driver__py
[ 90%] Built target umx_driver__rosidl_generator_py
[ 93%] Built target umx_driver__rosidl_typesupport_introspection_c__pyext
[ 96%] Built target umx_driver__rosidl_typesupport_fastrtps_c__pyext
[100%] Built target umx_driver__rosidl_typesupport_c__pyext
running egg_info
writing umx_driver.egg-info/PKG-INFO
writing dependency_links to umx_driver.egg-info/dependency_links.txt
writing top-level names to umx_driver.egg-info/top_level.txt
reading manifest file 'umx_driver.egg-info/SOURCES.txt'
writing manifest file 'umx_driver.egg-info/SOURCES.txt'
[100%] Built target ament_cmake_python_build_umx_driver_egg
-- Install configuration: ""
-- Up-to-date: /home/songsong/gps_imu_ws/install/umx_driver/share/ament_index/resource_index/rosidl_interfaces/umx_driver
-- Up-to-date: /home/songsong/gps_imu_ws/install/umx_driver/include/umx_driver/umx_driver
-- Up-to-date: /home/songsong/gps_imu_ws/install/umx_driver/include/umx_driver/umx_driver/srv
-- Up-to-date: /home/songsong/gps_imu_ws/install/umx_driver/include/umx_driver/umx_driver/srv/um7_reset.h
-- Up-to-date: /home/songsong/gps_imu_ws/install/umx_driver/include/umx_driver/umx_driver/srv/detail
-- Up-to-date: /home/songsong/gps_imu_ws/install/umx_driver/include/umx_driver/umx_driver/srv/detail/um7_reset__functions.c
-- Up-to-date: /home/songsong/gps_imu_ws/install/umx_driver/include/umx_driver/umx_driver/srv/detail/um7_reset__type_support.h
-- Up-to-date: /home/songsong/gps_imu_ws/install/umx_driver/include/umx_driver/umx_driver/srv/detail/um6_reset__functions.c
-- Up-to-date: /home/songsong/gps_imu_ws/install/umx_driver/include/umx_driver/umx_driver/srv/detail/um6_reset__struct.h
-- Up-to-date: /home/songsong/gps_imu_ws/install/umx_driver/include/umx_driver/umx_driver/srv/detail/um7_reset__struct.h
-- Up-to-date: /home/songsong/gps_imu_ws/install/umx_driver/include/umx_driver/umx_driver/srv/detail/um6_reset__functions.h
-- Up-to-date: /home/songsong/gps_imu_ws/install/umx_driver/include/umx_driver/umx_driver/srv/detail/um6_reset__type_support.h
-- Up-to-date: /home/songsong/gps_imu_ws/install/umx_driver/include/umx_driver/umx_driver/srv/detail/um7_reset__functions.h
-- Up-to-date: /home/songsong/gps_imu_ws/install/umx_driver/include/umx_driver/umx_driver/srv/um6_reset.h
-- Up-to-date: /home/songsong/gps_imu_ws/install/umx_driver/include/umx_driver/umx_driver/msg
-- Up-to-date: /home/songsong/gps_imu_ws/install/umx_driver/include/umx_driver/umx_driver/msg/rosidl_generator_c__visibility_control.h
-- Up-to-date: /home/songsong/gps_imu_ws/install/umx_driver/share/umx_driver/environment/library_path.sh
-- Up-to-date: /home/songsong/gps_imu_ws/install/umx_driver/share/umx_driver/environment/library_path.dsv
-- Up-to-date: /home/songsong/gps_imu_ws/install/umx_driver/lib/libumx_driver__rosidl_generator_c.so
-- Up-to-date: /home/songsong/gps_imu_ws/install/umx_driver/include/umx_driver/umx_driver
-- Up-to-date: /home/songsong/gps_imu_ws/install/umx_driver/include/umx_driver/umx_driver/srv
-- Up-to-date: /home/songsong/gps_imu_ws/install/umx_driver/include/umx_driver/umx_driver/srv/detail
-- Up-to-date: /home/songsong/gps_imu_ws/install/umx_driver/include/umx_driver/umx_driver/srv/detail/um7_reset__rosidl_typesupport_fastrtps_c.h
-- Up-to-date: /home/songsong/gps_imu_ws/install/umx_driver/include/umx_driver/umx_driver/srv/detail/um6_reset__rosidl_typesupport_fastrtps_c.h
-- Up-to-date: /home/songsong/gps_imu_ws/install/umx_driver/include/umx_driver/umx_driver/msg
-- Up-to-date: /home/songsong/gps_imu_ws/install/umx_driver/include/umx_driver/umx_driver/msg/rosidl_typesupport_fastrtps_c__visibility_control.h
-- Up-to-date: /home/songsong/gps_imu_ws/install/umx_driver/lib/libumx_driver__rosidl_typesupport_fastrtps_c.so
-- Up-to-date: /home/songsong/gps_imu_ws/install/umx_driver/include/umx_driver/umx_driver
-- Up-to-date: /home/songsong/gps_imu_ws/install/umx_driver/include/umx_driver/umx_driver/srv
-- Up-to-date: /home/songsong/gps_imu_ws/install/umx_driver/include/umx_driver/umx_driver/srv/um7_reset.hpp
-- Up-to-date: /home/songsong/gps_imu_ws/install/umx_driver/include/umx_driver/umx_driver/srv/um6_reset.hpp
-- Up-to-date: /home/songsong/gps_imu_ws/install/umx_driver/include/umx_driver/umx_driver/srv/detail
-- Up-to-date: /home/songsong/gps_imu_ws/install/umx_driver/include/umx_driver/umx_driver/srv/detail/um6_reset__struct.hpp
-- Up-to-date: /home/songsong/gps_imu_ws/install/umx_driver/include/umx_driver/umx_driver/srv/detail/um6_reset__traits.hpp
-- Up-to-date: /home/songsong/gps_imu_ws/install/umx_driver/include/umx_driver/umx_driver/srv/detail/um6_reset__builder.hpp
-- Up-to-date: /home/songsong/gps_imu_ws/install/umx_driver/include/umx_driver/umx_driver/srv/detail/um7_reset__traits.hpp
-- Up-to-date: /home/songsong/gps_imu_ws/install/umx_driver/include/umx_driver/umx_driver/srv/detail/um7_reset__builder.hpp
-- Up-to-date: /home/songsong/gps_imu_ws/install/umx_driver/include/umx_driver/umx_driver/srv/detail/um6_reset__type_support.hpp
-- Up-to-date: /home/songsong/gps_imu_ws/install/umx_driver/include/umx_driver/umx_driver/srv/detail/um7_reset__type_support.hpp
-- Up-to-date: /home/songsong/gps_imu_ws/install/umx_driver/include/umx_driver/umx_driver/srv/detail/um7_reset__struct.hpp
-- Up-to-date: /home/songsong/gps_imu_ws/install/umx_driver/include/umx_driver/umx_driver/msg
-- Up-to-date: /home/songsong/gps_imu_ws/install/umx_driver/include/umx_driver/umx_driver/msg/rosidl_generator_cpp__visibility_control.hpp
-- Up-to-date: /home/songsong/gps_imu_ws/install/umx_driver/include/umx_driver/umx_driver
-- Up-to-date: /home/songsong/gps_imu_ws/install/umx_driver/include/umx_driver/umx_driver/srv
-- Up-to-date: /home/songsong/gps_imu_ws/install/umx_driver/include/umx_driver/umx_driver/srv/detail
-- Up-to-date: /home/songsong/gps_imu_ws/install/umx_driver/include/umx_driver/umx_driver/srv/detail/dds_fastrtps
-- Up-to-date: /home/songsong/gps_imu_ws/install/umx_driver/include/umx_driver/umx_driver/srv/detail/um6_reset__rosidl_typesupport_fastrtps_cpp.hpp
-- Up-to-date: /home/songsong/gps_imu_ws/install/umx_driver/include/umx_driver/umx_driver/srv/detail/um7_reset__rosidl_typesupport_fastrtps_cpp.hpp
-- Up-to-date: /home/songsong/gps_imu_ws/install/umx_driver/include/umx_driver/umx_driver/msg
-- Up-to-date: /home/songsong/gps_imu_ws/install/umx_driver/include/umx_driver/umx_driver/msg/rosidl_typesupport_fastrtps_cpp__visibility_control.h
-- Up-to-date: /home/songsong/gps_imu_ws/install/umx_driver/lib/libumx_driver__rosidl_typesupport_fastrtps_cpp.so
-- Up-to-date: /home/songsong/gps_imu_ws/install/umx_driver/include/umx_driver/umx_driver
-- Up-to-date: /home/songsong/gps_imu_ws/install/umx_driver/include/umx_driver/umx_driver/srv
-- Up-to-date: /home/songsong/gps_imu_ws/install/umx_driver/include/umx_driver/umx_driver/srv/detail
-- Up-to-date: /home/songsong/gps_imu_ws/install/umx_driver/include/umx_driver/umx_driver/srv/detail/um7_reset__type_support.c
-- Up-to-date: /home/songsong/gps_imu_ws/install/umx_driver/include/umx_driver/umx_driver/srv/detail/um7_reset__rosidl_typesupport_introspection_c.h
-- Up-to-date: /home/songsong/gps_imu_ws/install/umx_driver/include/umx_driver/umx_driver/srv/detail/um6_reset__type_support.c
-- Up-to-date: /home/songsong/gps_imu_ws/install/umx_driver/include/umx_driver/umx_driver/srv/detail/um6_reset__rosidl_typesupport_introspection_c.h
-- Up-to-date: /home/songsong/gps_imu_ws/install/umx_driver/include/umx_driver/umx_driver/msg
-- Up-to-date: /home/songsong/gps_imu_ws/install/umx_driver/include/umx_driver/umx_driver/msg/rosidl_typesupport_introspection_c__visibility_control.h
-- Up-to-date: /home/songsong/gps_imu_ws/install/umx_driver/lib/libumx_driver__rosidl_typesupport_introspection_c.so
-- Up-to-date: /home/songsong/gps_imu_ws/install/umx_driver/lib/libumx_driver__rosidl_typesupport_c.so
-- Up-to-date: /home/songsong/gps_imu_ws/install/umx_driver/include/umx_driver/umx_driver
-- Up-to-date: /home/songsong/gps_imu_ws/install/umx_driver/include/umx_driver/umx_driver/srv
-- Up-to-date: /home/songsong/gps_imu_ws/install/umx_driver/include/umx_driver/umx_driver/srv/detail
-- Up-to-date: /home/songsong/gps_imu_ws/install/umx_driver/include/umx_driver/umx_driver/srv/detail/um6_reset__type_support.cpp
-- Up-to-date: /home/songsong/gps_imu_ws/install/umx_driver/include/umx_driver/umx_driver/srv/detail/um6_reset__rosidl_typesupport_introspection_cpp.hpp
-- Up-to-date: /home/songsong/gps_imu_ws/install/umx_driver/include/umx_driver/umx_driver/srv/detail/um7_reset__rosidl_typesupport_introspection_cpp.hpp
-- Up-to-date: /home/songsong/gps_imu_ws/install/umx_driver/include/umx_driver/umx_driver/srv/detail/um7_reset__type_support.cpp
-- Up-to-date: /home/songsong/gps_imu_ws/install/umx_driver/lib/libumx_driver__rosidl_typesupport_introspection_cpp.so
-- Up-to-date: /home/songsong/gps_imu_ws/install/umx_driver/lib/libumx_driver__rosidl_typesupport_cpp.so
-- Up-to-date: /home/songsong/gps_imu_ws/install/umx_driver/share/umx_driver/environment/pythonpath.sh
-- Up-to-date: /home/songsong/gps_imu_ws/install/umx_driver/share/umx_driver/environment/pythonpath.dsv
-- Up-to-date: /home/songsong/gps_imu_ws/install/umx_driver/local/lib/python3.10/dist-packages/umx_driver-1.0.1-py3.10.egg-info
-- Installing: /home/songsong/gps_imu_ws/install/umx_driver/local/lib/python3.10/dist-packages/umx_driver-1.0.1-py3.10.egg-info/PKG-INFO
-- Installing: /home/songsong/gps_imu_ws/install/umx_driver/local/lib/python3.10/dist-packages/umx_driver-1.0.1-py3.10.egg-info/dependency_links.txt
-- Installing: /home/songsong/gps_imu_ws/install/umx_driver/local/lib/python3.10/dist-packages/umx_driver-1.0.1-py3.10.egg-info/SOURCES.txt
-- Installing: /home/songsong/gps_imu_ws/install/umx_driver/local/lib/python3.10/dist-packages/umx_driver-1.0.1-py3.10.egg-info/top_level.txt
-- Up-to-date: /home/songsong/gps_imu_ws/install/umx_driver/local/lib/python3.10/dist-packages/umx_driver
-- Up-to-date: /home/songsong/gps_imu_ws/install/umx_driver/local/lib/python3.10/dist-packages/umx_driver/libumx_driver__rosidl_generator_py.so
-- Up-to-date: /home/songsong/gps_imu_ws/install/umx_driver/local/lib/python3.10/dist-packages/umx_driver/_umx_driver_s.ep.rosidl_typesupport_fastrtps_c.c
-- Up-to-date: /home/songsong/gps_imu_ws/install/umx_driver/local/lib/python3.10/dist-packages/umx_driver/_umx_driver_s.ep.rosidl_typesupport_introspection_c.c
-- Up-to-date: /home/songsong/gps_imu_ws/install/umx_driver/local/lib/python3.10/dist-packages/umx_driver/umx_driver_s__rosidl_typesupport_fastrtps_c.cpython-310-aarch64-linux-gnu.so
-- Up-to-date: /home/songsong/gps_imu_ws/install/umx_driver/local/lib/python3.10/dist-packages/umx_driver/umx_driver_s__rosidl_typesupport_c.cpython-310-aarch64-linux-gnu.so
-- Up-to-date: /home/songsong/gps_imu_ws/install/umx_driver/local/lib/python3.10/dist-packages/umx_driver/umx_driver_s__rosidl_typesupport_introspection_c.cpython-310-aarch64-linux-gnu.so
-- Up-to-date: /home/songsong/gps_imu_ws/install/umx_driver/local/lib/python3.10/dist-packages/umx_driver/srv
-- Up-to-date: /home/songsong/gps_imu_ws/install/umx_driver/local/lib/python3.10/dist-packages/umx_driver/srv/_um6_reset_s.c
-- Up-to-date: /home/songsong/gps_imu_ws/install/umx_driver/local/lib/python3.10/dist-packages/umx_driver/srv/_um6_reset.py
-- Up-to-date: /home/songsong/gps_imu_ws/install/umx_driver/local/lib/python3.10/dist-packages/umx_driver/srv/_um7_reset_s.c
-- Up-to-date: /home/songsong/gps_imu_ws/install/umx_driver/local/lib/python3.10/dist-packages/umx_driver/srv/_um7_reset.py
-- Up-to-date: /home/songsong/gps_imu_ws/install/umx_driver/local/lib/python3.10/dist-packages/umx_driver/srv/__init__.py
-- Up-to-date: /home/songsong/gps_imu_ws/install/umx_driver/local/lib/python3.10/dist-packages/umx_driver/_umx_driver_s.ep.rosidl_typesupport_c.c
-- Up-to-date: /home/songsong/gps_imu_ws/install/umx_driver/local/lib/python3.10/dist-packages/umx_driver/__init__.py
Listing '/home/songsong/gps_imu_ws/install/umx_driver/local/lib/python3.10/dist-packages/umx_driver'...
Listing '/home/songsong/gps_imu_ws/install/umx_driver/local/lib/python3.10/dist-packages/umx_driver/srv'...
-- Up-to-date: /home/songsong/gps_imu_ws/install/umx_driver/local/lib/python3.10/dist-packages/umx_driver/umx_driver_s__rosidl_typesupport_fastrtps_c.cpython-310-aarch64-linux-gnu.so
-- Up-to-date: /home/songsong/gps_imu_ws/install/umx_driver/local/lib/python3.10/dist-packages/umx_driver/umx_driver_s__rosidl_typesupport_introspection_c.cpython-310-aarch64-linux-gnu.so
-- Up-to-date: /home/songsong/gps_imu_ws/install/umx_driver/local/lib/python3.10/dist-packages/umx_driver/umx_driver_s__rosidl_typesupport_c.cpython-310-aarch64-linux-gnu.so
-- Up-to-date: /home/songsong/gps_imu_ws/install/umx_driver/lib/libumx_driver__rosidl_generator_py.so
-- Up-to-date: /home/songsong/gps_imu_ws/install/umx_driver/share/umx_driver/srv/Um6Reset.idl
-- Up-to-date: /home/songsong/gps_imu_ws/install/umx_driver/share/umx_driver/srv/Um7Reset.idl
-- Up-to-date: /home/songsong/gps_imu_ws/install/umx_driver/share/umx_driver/srv/Um6Reset.srv
-- Up-to-date: /home/songsong/gps_imu_ws/install/umx_driver/share/umx_driver/srv/Um6Reset_Request.msg
-- Up-to-date: /home/songsong/gps_imu_ws/install/umx_driver/share/umx_driver/srv/Um6Reset_Response.msg
-- Up-to-date: /home/songsong/gps_imu_ws/install/umx_driver/share/umx_driver/srv/Um7Reset.srv
-- Up-to-date: /home/songsong/gps_imu_ws/install/umx_driver/share/umx_driver/srv/Um7Reset_Request.msg
-- Up-to-date: /home/songsong/gps_imu_ws/install/umx_driver/share/umx_driver/srv/Um7Reset_Response.msg
-- Up-to-date: /home/songsong/gps_imu_ws/install/umx_driver/lib/umx_driver/um6_driver
-- Up-to-date: /home/songsong/gps_imu_ws/install/umx_driver/lib/umx_driver/um7_driver
-- Up-to-date: /home/songsong/gps_imu_ws/install/umx_driver/test/umx_driver/um6_comms_test
-- Up-to-date: /home/songsong/gps_imu_ws/install/umx_driver/test/umx_driver/um6_register_test
-- Up-to-date: /home/songsong/gps_imu_ws/install/umx_driver/test/umx_driver/um7_comms_test
-- Up-to-date: /home/songsong/gps_imu_ws/install/umx_driver/test/umx_driver/um7_register_test
-- Up-to-date: /home/songsong/gps_imu_ws/install/umx_driver/share/ament_index/resource_index/package_run_dependencies/umx_driver
-- Up-to-date: /home/songsong/gps_imu_ws/install/umx_driver/share/ament_index/resource_index/parent_prefix_path/umx_driver
-- Up-to-date: /home/songsong/gps_imu_ws/install/umx_driver/share/umx_driver/environment/ament_prefix_path.sh
-- Up-to-date: /home/songsong/gps_imu_ws/install/umx_driver/share/umx_driver/environment/ament_prefix_path.dsv
-- Up-to-date: /home/songsong/gps_imu_ws/install/umx_driver/share/umx_driver/environment/path.sh
-- Up-to-date: /home/songsong/gps_imu_ws/install/umx_driver/share/umx_driver/environment/path.dsv
-- Up-to-date: /home/songsong/gps_imu_ws/install/umx_driver/share/umx_driver/local_setup.bash
-- Up-to-date: /home/songsong/gps_imu_ws/install/umx_driver/share/umx_driver/local_setup.sh
-- Up-to-date: /home/songsong/gps_imu_ws/install/umx_driver/share/umx_driver/local_setup.zsh
-- Up-to-date: /home/songsong/gps_imu_ws/install/umx_driver/share/umx_driver/local_setup.dsv
-- Installing: /home/songsong/gps_imu_ws/install/umx_driver/share/umx_driver/package.dsv
-- Up-to-date: /home/songsong/gps_imu_ws/install/umx_driver/share/ament_index/resource_index/packages/umx_driver
-- Up-to-date: /home/songsong/gps_imu_ws/install/umx_driver/share/umx_driver/cmake/export_umx_driver__rosidl_generator_cExport.cmake
-- Up-to-date: /home/songsong/gps_imu_ws/install/umx_driver/share/umx_driver/cmake/export_umx_driver__rosidl_generator_cExport-noconfig.cmake
-- Up-to-date: /home/songsong/gps_imu_ws/install/umx_driver/share/umx_driver/cmake/export_umx_driver__rosidl_typesupport_fastrtps_cExport.cmake
-- Up-to-date: /home/songsong/gps_imu_ws/install/umx_driver/share/umx_driver/cmake/export_umx_driver__rosidl_typesupport_fastrtps_cExport-noconfig.cmake
-- Up-to-date: /home/songsong/gps_imu_ws/install/umx_driver/share/umx_driver/cmake/export_umx_driver__rosidl_generator_cppExport.cmake
-- Up-to-date: /home/songsong/gps_imu_ws/install/umx_driver/share/umx_driver/cmake/export_umx_driver__rosidl_typesupport_fastrtps_cppExport.cmake
-- Up-to-date: /home/songsong/gps_imu_ws/install/umx_driver/share/umx_driver/cmake/export_umx_driver__rosidl_typesupport_fastrtps_cppExport-noconfig.cmake
-- Up-to-date: /home/songsong/gps_imu_ws/install/umx_driver/share/umx_driver/cmake/umx_driver__rosidl_typesupport_introspection_cExport.cmake
-- Up-to-date: /home/songsong/gps_imu_ws/install/umx_driver/share/umx_driver/cmake/umx_driver__rosidl_typesupport_introspection_cExport-noconfig.cmake
-- Up-to-date: /home/songsong/gps_imu_ws/install/umx_driver/share/umx_driver/cmake/umx_driver__rosidl_typesupport_cExport.cmake
-- Up-to-date: /home/songsong/gps_imu_ws/install/umx_driver/share/umx_driver/cmake/umx_driver__rosidl_typesupport_cExport-noconfig.cmake
-- Up-to-date: /home/songsong/gps_imu_ws/install/umx_driver/share/umx_driver/cmake/umx_driver__rosidl_typesupport_introspection_cppExport.cmake
-- Up-to-date: /home/songsong/gps_imu_ws/install/umx_driver/share/umx_driver/cmake/umx_driver__rosidl_typesupport_introspection_cppExport-noconfig.cmake
-- Up-to-date: /home/songsong/gps_imu_ws/install/umx_driver/share/umx_driver/cmake/umx_driver__rosidl_typesupport_cppExport.cmake
-- Up-to-date: /home/songsong/gps_imu_ws/install/umx_driver/share/umx_driver/cmake/umx_driver__rosidl_typesupport_cppExport-noconfig.cmake
-- Up-to-date: /home/songsong/gps_imu_ws/install/umx_driver/share/umx_driver/cmake/export_umx_driver__rosidl_generator_pyExport.cmake
-- Up-to-date: /home/songsong/gps_imu_ws/install/umx_driver/share/umx_driver/cmake/export_umx_driver__rosidl_generator_pyExport-noconfig.cmake
-- Up-to-date: /home/songsong/gps_imu_ws/install/umx_driver/share/umx_driver/cmake/rosidl_cmake-extras.cmake
-- Up-to-date: /home/songsong/gps_imu_ws/install/umx_driver/share/umx_driver/cmake/ament_cmake_export_include_directories-extras.cmake
-- Up-to-date: /home/songsong/gps_imu_ws/install/umx_driver/share/umx_driver/cmake/ament_cmake_export_libraries-extras.cmake
-- Up-to-date: /home/songsong/gps_imu_ws/install/umx_driver/share/umx_driver/cmake/ament_cmake_export_targets-extras.cmake
-- Up-to-date: /home/songsong/gps_imu_ws/install/umx_driver/share/umx_driver/cmake/rosidl_cmake_export_typesupport_targets-extras.cmake
-- Up-to-date: /home/songsong/gps_imu_ws/install/umx_driver/share/umx_driver/cmake/ament_cmake_export_dependencies-extras.cmake
-- Up-to-date: /home/songsong/gps_imu_ws/install/umx_driver/share/umx_driver/cmake/rosidl_cmake_export_typesupport_libraries-extras.cmake
-- Up-to-date: /home/songsong/gps_imu_ws/install/umx_driver/share/umx_driver/cmake/umx_driverConfig.cmake
-- Up-to-date: /home/songsong/gps_imu_ws/install/umx_driver/share/umx_driver/cmake/umx_driverConfig-version.cmake
-- Up-to-date: /home/songsong/gps_imu_ws/install/umx_driver/share/umx_driver/package.xml
