[0.439s] Invoking command in '/home/songsong/gps_imu_ws/src/gps_imu_fusion_pkg': PYTHONPATH=/home/songsong/gps_imu_ws/build/gps_imu_fusion_pkg/prefix_override:/usr/lib/python3/dist-packages/colcon_core/task/python/colcon_distutils_commands:/home/songsong/gps_imu_ws/install/gps_imu_fusion_pkg/lib/python3.10/site-packages:${PYTHONPATH} /usr/bin/python3 -W ignore:setup.py install is deprecated -W ignore:easy_install command is deprecated setup.py egg_info --egg-base ../../build/gps_imu_fusion_pkg build --build-base /home/songsong/gps_imu_ws/build/gps_imu_fusion_pkg/build install --record /home/songsong/gps_imu_ws/build/gps_imu_fusion_pkg/install.log --single-version-externally-managed install_data
[0.639s] running egg_info
[0.639s] writing ../../build/gps_imu_fusion_pkg/gps_imu_fusion_pkg.egg-info/PKG-INFO
[0.639s] writing dependency_links to ../../build/gps_imu_fusion_pkg/gps_imu_fusion_pkg.egg-info/dependency_links.txt
[0.640s] writing entry points to ../../build/gps_imu_fusion_pkg/gps_imu_fusion_pkg.egg-info/entry_points.txt
[0.640s] writing requirements to ../../build/gps_imu_fusion_pkg/gps_imu_fusion_pkg.egg-info/requires.txt
[0.640s] writing top-level names to ../../build/gps_imu_fusion_pkg/gps_imu_fusion_pkg.egg-info/top_level.txt
[0.640s] reading manifest file '../../build/gps_imu_fusion_pkg/gps_imu_fusion_pkg.egg-info/SOURCES.txt'
[0.640s] adding license file 'LICENSE'
[0.640s] writing manifest file '../../build/gps_imu_fusion_pkg/gps_imu_fusion_pkg.egg-info/SOURCES.txt'
[0.640s] running build
[0.640s] running build_py
[0.640s] running install
[0.640s] running install_lib
[0.642s] running install_data
[0.642s] copying resource/gps_imu_fusion_pkg -> /home/songsong/gps_imu_ws/install/gps_imu_fusion_pkg/share/ament_index/resource_index/packages
[0.642s] copying package.xml -> /home/songsong/gps_imu_ws/install/gps_imu_fusion_pkg/share/gps_imu_fusion_pkg
[0.642s] creating /home/songsong/gps_imu_ws/install/gps_imu_fusion_pkg/share/gps_imu_fusion_pkg/launch
[0.643s] copying launch/robot_localization.launch.py -> /home/songsong/gps_imu_ws/install/gps_imu_fusion_pkg/share/gps_imu_fusion_pkg/launch
[0.643s] copying launch/gps_display.launch.py -> /home/songsong/gps_imu_ws/install/gps_imu_fusion_pkg/share/gps_imu_fusion_pkg/launch
[0.643s] creating /home/songsong/gps_imu_ws/install/gps_imu_fusion_pkg/share/gps_imu_fusion_pkg/config
[0.643s] copying config/ekf_global.yaml -> /home/songsong/gps_imu_ws/install/gps_imu_fusion_pkg/share/gps_imu_fusion_pkg/config
[0.644s] copying config/navsat_transform.yaml -> /home/songsong/gps_imu_ws/install/gps_imu_fusion_pkg/share/gps_imu_fusion_pkg/config
[0.644s] copying config/ekf_local.yaml -> /home/songsong/gps_imu_ws/install/gps_imu_fusion_pkg/share/gps_imu_fusion_pkg/config
[0.644s] running install_egg_info
[0.656s] Copying ../../build/gps_imu_fusion_pkg/gps_imu_fusion_pkg.egg-info to /home/songsong/gps_imu_ws/install/gps_imu_fusion_pkg/lib/python3.10/site-packages/gps_imu_fusion_pkg-0.0.0-py3.10.egg-info
[0.657s] running install_scripts
[0.677s] Installing gps_imu_sync script to /home/songsong/gps_imu_ws/install/gps_imu_fusion_pkg/lib/gps_imu_fusion_pkg
[0.677s] Installing gps_path_pub script to /home/songsong/gps_imu_ws/install/gps_imu_fusion_pkg/lib/gps_imu_fusion_pkg
[0.677s] Installing gps_repub script to /home/songsong/gps_imu_ws/install/gps_imu_fusion_pkg/lib/gps_imu_fusion_pkg
[0.678s] Installing gps_to_csv script to /home/songsong/gps_imu_ws/install/gps_imu_fusion_pkg/lib/gps_imu_fusion_pkg
[0.678s] Installing gps_to_point script to /home/songsong/gps_imu_ws/install/gps_imu_fusion_pkg/lib/gps_imu_fusion_pkg
[0.678s] Installing gps_to_web script to /home/songsong/gps_imu_ws/install/gps_imu_fusion_pkg/lib/gps_imu_fusion_pkg
[0.678s] Installing gps_with_grid script to /home/songsong/gps_imu_ws/install/gps_imu_fusion_pkg/lib/gps_imu_fusion_pkg
[0.679s] Installing imu_repub script to /home/songsong/gps_imu_ws/install/gps_imu_fusion_pkg/lib/gps_imu_fusion_pkg
[0.679s] Installing imu_to_csv script to /home/songsong/gps_imu_ws/install/gps_imu_fusion_pkg/lib/gps_imu_fusion_pkg
[0.679s] writing list of installed files to '/home/songsong/gps_imu_ws/build/gps_imu_fusion_pkg/install.log'
[0.705s] Invoked command in '/home/songsong/gps_imu_ws/src/gps_imu_fusion_pkg' returned '0': PYTHONPATH=/home/songsong/gps_imu_ws/build/gps_imu_fusion_pkg/prefix_override:/usr/lib/python3/dist-packages/colcon_core/task/python/colcon_distutils_commands:/home/songsong/gps_imu_ws/install/gps_imu_fusion_pkg/lib/python3.10/site-packages:${PYTHONPATH} /usr/bin/python3 -W ignore:setup.py install is deprecated -W ignore:easy_install command is deprecated setup.py egg_info --egg-base ../../build/gps_imu_fusion_pkg build --build-base /home/songsong/gps_imu_ws/build/gps_imu_fusion_pkg/build install --record /home/songsong/gps_imu_ws/build/gps_imu_fusion_pkg/install.log --single-version-externally-managed install_data
